# JRE version: Java(TM) SE Runtime Environment (8.0_71-b15) (build 1.8.0_71-b15)
# Java VM: Java HotSpot(TM) 64-Bit Server VM (25.71-b15 mixed mode windows-amd64 compressed oops)
Heap:
 PSYoungGen      total 256000K, used 63597K [0x000000076af00000, 0x000000077bb00000, 0x00000007c0000000)
  eden space 240128K, 21% used [0x000000076af00000,0x000000076e1e1848,0x0000000779980000)
  from space 15872K, 72% used [0x0000000779980000,0x000000077a4b9be8,0x000000077a900000)
  to   space 15360K, 0% used [0x000000077a900000,0x000000077a900000,0x000000077b800000)
 ParOldGen       total 89088K, used 18805K [0x00000006c0c00000, 0x00000006c6300000, 0x000000076af00000)
  object space 89088K, 21% used [0x00000006c0c00000,0x00000006c1e5d480,0x00000006c6300000)
 Metaspace       used 24251K, capacity 25326K, committed 25596K, reserved 1071104K
  class space    used 3258K, capacity 3485K, committed 3584K, reserved 1048576K
GC Heap History (10 events):
Event: 2.421 GC heap before
{Heap before GC invocations=6 (full 1):
 PSYoungGen      total 141824K, used 131011K [0x000000076af00000, 0x0000000774400000, 0x00000007c0000000)
  eden space 131072K, 99% used [0x000000076af00000,0x0000000772ef0d38,0x0000000772f00000)
  from space 10752K, 0% used [0x0000000773980000,0x0000000773980000,0x0000000774400000)
  to   space 10752K, 0% used [0x0000000772f00000,0x0000000772f00000,0x0000000773980000)
 ParOldGen       total 89088K, used 17637K [0x00000006c0c00000, 0x00000006c6300000, 0x000000076af00000)
  object space 89088K, 19% used [0x00000006c0c00000,0x00000006c1d39418,0x00000006c6300000)
 Metaspace       used 22135K, capacity 23154K, committed 23420K, reserved 1069056K
  class space    used 3103K, capacity 3341K, committed 3456K, reserved 1048576K
Event: 2.425 GC heap after
Heap after GC invocations=6 (full 1):
 PSYoungGen      total 141824K, used 3002K [0x000000076af00000, 0x000000077b800000, 0x00000007c0000000)
  eden space 131072K, 0% used [0x000000076af00000,0x000000076af00000,0x0000000772f00000)
  from space 10752K, 27% used [0x0000000772f00000,0x00000007731eeac8,0x0000000773980000)
  to   space 15360K, 0% used [0x000000077a900000,0x000000077a900000,0x000000077b800000)
 ParOldGen       total 89088K, used 17645K [0x00000006c0c00000, 0x00000006c6300000, 0x000000076af00000)
  object space 89088K, 19% used [0x00000006c0c00000,0x00000006c1d3b418,0x00000006c6300000)
 Metaspace       used 22135K, capacity 23154K, committed 23420K, reserved 1069056K
  class space    used 3103K, capacity 3341K, committed 3456K, reserved 1048576K
}
Event: 2.455 GC heap before
{Heap before GC invocations=7 (full 1):
 PSYoungGen      total 141824K, used 133957K [0x000000076af00000, 0x000000077b800000, 0x00000007c0000000)
  eden space 131072K, 99% used [0x000000076af00000,0x0000000772ee2b90,0x0000000772f00000)
  from space 10752K, 27% used [0x0000000772f00000,0x00000007731eeac8,0x0000000773980000)
  to   space 15360K, 0% used [0x000000077a900000,0x000000077a900000,0x000000077b800000)
 ParOldGen       total 89088K, used 17645K [0x00000006c0c00000, 0x00000006c6300000, 0x000000076af00000)
  object space 89088K, 19% used [0x00000006c0c00000,0x00000006c1d3b418,0x00000006c6300000)
 Metaspace       used 22144K, capacity 23160K, committed 23420K, reserved 1069056K
  class space    used 3104K, capacity 3342K, committed 3456K, reserved 1048576K
Event: 2.459 GC heap after
Heap after GC invocations=7 (full 1):
 PSYoungGen      total 255488K, used 1886K [0x000000076af00000, 0x000000077bb00000, 0x00000007c0000000)
  eden space 240128K, 0% used [0x000000076af00000,0x000000076af00000,0x0000000779980000)
  from space 15360K, 12% used [0x000000077a900000,0x000000077aad7b08,0x000000077b800000)
  to   space 15872K, 0% used [0x0000000779980000,0x0000000779980000,0x000000077a900000)
 ParOldGen       total 89088K, used 17653K [0x00000006c0c00000, 0x00000006c6300000, 0x000000076af00000)
  object space 89088K, 19% used [0x00000006c0c00000,0x00000006c1d3d418,0x00000006c6300000)
 Metaspace       used 22144K, capacity 23160K, committed 23420K, reserved 1069056K
  class space    used 3104K, capacity 3342K, committed 3456K, reserved 1048576K
}
Event: 3.906 GC heap before
{Heap before GC invocations=8 (full 1):
 PSYoungGen      total 255488K, used 242014K [0x000000076af00000, 0x000000077bb00000, 0x00000007c0000000)
  eden space 240128K, 100% used [0x000000076af00000,0x0000000779980000,0x0000000779980000)
  from space 15360K, 12% used [0x000000077a900000,0x000000077aad7b08,0x000000077b800000)
  to   space 15872K, 0% used [0x0000000779980000,0x0000000779980000,0x000000077a900000)
 ParOldGen       total 89088K, used 17653K [0x00000006c0c00000, 0x00000006c6300000, 0x000000076af00000)
  object space 89088K, 19% used [0x00000006c0c00000,0x00000006c1d3d418,0x00000006c6300000)
 Metaspace       used 23640K, capacity 24732K, committed 25084K, reserved 1071104K
  class space    used 3246K, capacity 3482K, committed 3584K, reserved 1048576K
Event: 3.913 GC heap after
Heap after GC invocations=8 (full 1):
 PSYoungGen      total 256000K, used 9509K [0x000000076af00000, 0x000000077bb00000, 0x00000007c0000000)
  eden space 240128K, 0% used [0x000000076af00000,0x000000076af00000,0x0000000779980000)
  from space 15872K, 59% used [0x0000000779980000,0x000000077a2c9670,0x000000077a900000)
  to   space 15360K, 0% used [0x000000077a900000,0x000000077a900000,0x000000077b800000)
 ParOldGen       total 89088K, used 17661K [0x00000006c0c00000, 0x00000006c6300000, 0x000000076af00000)
  object space 89088K, 19% used [0x00000006c0c00000,0x00000006c1d3f418,0x00000006c6300000)
 Metaspace       used 23640K, capacity 24732K, committed 25084K, reserved 1071104K
  class space    used 3246K, capacity 3482K, committed 3584K, reserved 1048576K
}
Event: 5.729 GC heap before
{Heap before GC invocations=9 (full 1):
 PSYoungGen      total 256000K, used 249637K [0x000000076af00000, 0x000000077bb00000, 0x00000007c0000000)
  eden space 240128K, 100% used [0x000000076af00000,0x0000000779980000,0x0000000779980000)
  from space 15872K, 59% used [0x0000000779980000,0x000000077a2c9670,0x000000077a900000)
  to   space 15360K, 0% used [0x000000077a900000,0x000000077a900000,0x000000077b800000)
 ParOldGen       total 89088K, used 17661K [0x00000006c0c00000, 0x00000006c6300000, 0x000000076af00000)
  object space 89088K, 19% used [0x00000006c0c00000,0x00000006c1d3f418,0x00000006c6300000)
 Metaspace       used 23980K, capacity 25070K, committed 25340K, reserved 1071104K
  class space    used 3255K, capacity 3485K, committed 3584K, reserved 1048576K
Event: 5.734 GC heap after
Heap after GC invocations=9 (full 1):
 PSYoungGen      total 255488K, used 10949K [0x000000076af00000, 0x000000077bb00000, 0x00000007c0000000)
  eden space 240128K, 0% used [0x000000076af00000,0x000000076af00000,0x0000000779980000)
  from space 15360K, 71% used [0x000000077a900000,0x000000077b3b1490,0x000000077b800000)
  to   space 15872K, 0% used [0x0000000779980000,0x0000000779980000,0x000000077a900000)
 ParOldGen       total 89088K, used 17669K [0x00000006c0c00000, 0x00000006c6300000, 0x000000076af00000)
  object space 89088K, 19% used [0x00000006c0c00000,0x00000006c1d41418,0x00000006c6300000)
 Metaspace       used 23980K, capacity 25070K, committed 25340K, reserved 1071104K
  class space    used 3255K, capacity 3485K, committed 3584K, reserved 1048576K
}
Event: 8.064 GC heap before
{Heap before GC invocations=10 (full 1):
 PSYoungGen      total 255488K, used 251077K [0x000000076af00000, 0x000000077bb00000, 0x00000007c0000000)
  eden space 240128K, 100% used [0x000000076af00000,0x0000000779980000,0x0000000779980000)
  from space 15360K, 71% used [0x000000077a900000,0x000000077b3b1490,0x000000077b800000)
  to   space 15872K, 0% used [0x0000000779980000,0x0000000779980000,0x000000077a900000)
 ParOldGen       total 89088K, used 17669K [0x00000006c0c00000, 0x00000006c6300000, 0x000000076af00000)
  object space 89088K, 19% used [0x00000006c0c00000,0x00000006c1d41418,0x00000006c6300000)
 Metaspace       used 24186K, capacity 25262K, committed 25596K, reserved 1071104K
  class space    used 3258K, capacity 3485K, committed 3584K, reserved 1048576K
Event: 8.070 GC heap after
Heap after GC invocations=10 (full 1):
 PSYoungGen      total 256000K, used 11494K [0x000000076af00000, 0x000000077bb00000, 0x00000007c0000000)
  eden space 240128K, 0% used [0x000000076af00000,0x000000076af00000,0x0000000779980000)
  from space 15872K, 72% used [0x0000000779980000,0x000000077a4b9be8,0x000000077a900000)
  to   space 15360K, 0% used [0x000000077a900000,0x000000077a900000,0x000000077b800000)
 ParOldGen       total 89088K, used 18805K [0x00000006c0c00000, 0x00000006c6300000, 0x000000076af00000)
  object space 89088K, 21% used [0x00000006c0c00000,0x00000006c1e5d480,0x00000006c6300000)
 Metaspace       used 24186K, capacity 25262K, committed 25596K, reserved 1071104K
  class space    used 3258K, capacity 3485K, committed 3584K, reserved 1048576K
}

