# JRE version: Java(TM) SE Runtime Environment (8.0_71-b15) (build 1.8.0_71-b15)
# Java VM: Java HotSpot(TM) 64-Bit Server VM (25.71-b15 mixed mode windows-amd64 compressed oops)
Heap:
 PSYoungGen      total 150016K, used 138034K [0x000000076af00000, 0x0000000775500000, 0x00000007c0000000)
  eden space 139264K, 97% used [0x000000076af00000,0x000000077339af58,0x0000000773700000)
  from space 10752K, 20% used [0x0000000774a80000,0x0000000774cb1bc8,0x0000000775500000)
  to   space 15360K, 0% used [0x0000000773700000,0x0000000773700000,0x0000000774600000)
 ParOldGen       total 122880K, used 20754K [0x00000006c0c00000, 0x00000006c8400000, 0x000000076af00000)
  object space 122880K, 16% used [0x00000006c0c00000,0x00000006c2044860,0x00000006c8400000)
 Metaspace       used 23436K, capacity 24486K, committed 24832K, reserved 1071104K
  class space    used 3224K, capacity 3475K, committed 3584K, reserved 1048576K
GC Heap History (10 events):
Event: 1.411 GC heap before
{Heap before GC invocations=3 (full 1):
 PSYoungGen      total 76288K, used 10738K [0x000000076af00000, 0x0000000774400000, 0x00000007c0000000)
  eden space 65536K, 0% used [0x000000076af00000,0x000000076af00000,0x000000076ef00000)
  from space 10752K, 99% used [0x000000076f980000,0x00000007703fcae0,0x0000000770400000)
  to   space 10752K, 0% used [0x000000076ef00000,0x000000076ef00000,0x000000076f980000)
 ParOldGen       total 175104K, used 2104K [0x00000006c0c00000, 0x00000006cb700000, 0x000000076af00000)
  object space 175104K, 1% used [0x00000006c0c00000,0x00000006c0e0e010,0x00000006cb700000)
 Metaspace       used 20300K, capacity 21222K, committed 21296K, reserved 1067008K
  class space    used 2918K, capacity 3137K, committed 3200K, reserved 1048576K
Event: 1.441 GC heap after
Heap after GC invocations=3 (full 1):
 PSYoungGen      total 76288K, used 0K [0x000000076af00000, 0x0000000774400000, 0x00000007c0000000)
  eden space 65536K, 0% used [0x000000076af00000,0x000000076af00000,0x000000076ef00000)
  from space 10752K, 0% used [0x000000076f980000,0x000000076f980000,0x0000000770400000)
  to   space 10752K, 0% used [0x000000076ef00000,0x000000076ef00000,0x000000076f980000)
 ParOldGen       total 122880K, used 10606K [0x00000006c0c00000, 0x00000006c8400000, 0x000000076af00000)
  object space 122880K, 8% used [0x00000006c0c00000,0x00000006c165b918,0x00000006c8400000)
 Metaspace       used 20300K, capacity 21222K, committed 21296K, reserved 1067008K
  class space    used 2918K, capacity 3137K, committed 3200K, reserved 1048576K
}
Event: 1.729 GC heap before
{Heap before GC invocations=4 (full 1):
 PSYoungGen      total 76288K, used 65490K [0x000000076af00000, 0x0000000774400000, 0x00000007c0000000)
  eden space 65536K, 99% used [0x000000076af00000,0x000000076eef4a88,0x000000076ef00000)
  from space 10752K, 0% used [0x000000076f980000,0x000000076f980000,0x0000000770400000)
  to   space 10752K, 0% used [0x000000076ef00000,0x000000076ef00000,0x000000076f980000)
 ParOldGen       total 122880K, used 10606K [0x00000006c0c00000, 0x00000006c8400000, 0x000000076af00000)
  object space 122880K, 8% used [0x00000006c0c00000,0x00000006c165b918,0x00000006c8400000)
 Metaspace       used 21928K, capacity 22852K, committed 23040K, reserved 1069056K
  class space    used 3081K, capacity 3270K, committed 3328K, reserved 1048576K
Event: 1.732 GC heap after
Heap after GC invocations=4 (full 1):
 PSYoungGen      total 76288K, used 2922K [0x000000076af00000, 0x0000000771900000, 0x00000007c0000000)
  eden space 65536K, 0% used [0x000000076af00000,0x000000076af00000,0x000000076ef00000)
  from space 10752K, 27% used [0x000000076ef00000,0x000000076f1da920,0x000000076f980000)
  to   space 10752K, 0% used [0x0000000770e80000,0x0000000770e80000,0x0000000771900000)
 ParOldGen       total 122880K, used 10614K [0x00000006c0c00000, 0x00000006c8400000, 0x000000076af00000)
  object space 122880K, 8% used [0x00000006c0c00000,0x00000006c165d918,0x00000006c8400000)
 Metaspace       used 21928K, capacity 22852K, committed 23040K, reserved 1069056K
  class space    used 3081K, capacity 3270K, committed 3328K, reserved 1048576K
}
Event: 1.751 GC heap before
{Heap before GC invocations=5 (full 1):
 PSYoungGen      total 76288K, used 68389K [0x000000076af00000, 0x0000000771900000, 0x00000007c0000000)
  eden space 65536K, 99% used [0x000000076af00000,0x000000076eeeeea0,0x000000076ef00000)
  from space 10752K, 27% used [0x000000076ef00000,0x000000076f1da920,0x000000076f980000)
  to   space 10752K, 0% used [0x0000000770e80000,0x0000000770e80000,0x0000000771900000)
 ParOldGen       total 122880K, used 10726K [0x00000006c0c00000, 0x00000006c8400000, 0x000000076af00000)
  object space 122880K, 8% used [0x00000006c0c00000,0x00000006c1679810,0x00000006c8400000)
 Metaspace       used 21931K, capacity 22852K, committed 23040K, reserved 1069056K
  class space    used 3081K, capacity 3270K, committed 3328K, reserved 1048576K
Event: 1.753 GC heap after
Heap after GC invocations=5 (full 1):
 PSYoungGen      total 97792K, used 1656K [0x000000076af00000, 0x0000000772a00000, 0x00000007c0000000)
  eden space 87040K, 0% used [0x000000076af00000,0x000000076af00000,0x0000000770400000)
  from space 10752K, 15% used [0x0000000770e80000,0x000000077101e370,0x0000000771900000)
  to   space 10752K, 0% used [0x0000000770400000,0x0000000770400000,0x0000000770e80000)
 ParOldGen       total 122880K, used 10726K [0x00000006c0c00000, 0x00000006c8400000, 0x000000076af00000)
  object space 122880K, 8% used [0x00000006c0c00000,0x00000006c1679810,0x00000006c8400000)
 Metaspace       used 21931K, capacity 22852K, committed 23040K, reserved 1069056K
  class space    used 3081K, capacity 3270K, committed 3328K, reserved 1048576K
}
Event: 1.779 GC heap before
{Heap before GC invocations=6 (full 1):
 PSYoungGen      total 97792K, used 88558K [0x000000076af00000, 0x0000000772a00000, 0x00000007c0000000)
  eden space 87040K, 99% used [0x000000076af00000,0x00000007703dd518,0x0000000770400000)
  from space 10752K, 15% used [0x0000000770e80000,0x000000077101e370,0x0000000771900000)
  to   space 10752K, 0% used [0x0000000770400000,0x0000000770400000,0x0000000770e80000)
 ParOldGen       total 122880K, used 20738K [0x00000006c0c00000, 0x00000006c8400000, 0x000000076af00000)
  object space 122880K, 16% used [0x00000006c0c00000,0x00000006c2040860,0x00000006c8400000)
 Metaspace       used 21935K, capacity 22852K, committed 23040K, reserved 1069056K
  class space    used 3081K, capacity 3270K, committed 3328K, reserved 1048576K
Event: 1.780 GC heap after
Heap after GC invocations=6 (full 1):
 PSYoungGen      total 97792K, used 1653K [0x000000076af00000, 0x0000000775a80000, 0x00000007c0000000)
  eden space 87040K, 0% used [0x000000076af00000,0x000000076af00000,0x0000000770400000)
  from space 10752K, 15% used [0x0000000770400000,0x000000077059d6d8,0x0000000770e80000)
  to   space 16384K, 0% used [0x0000000774a80000,0x0000000774a80000,0x0000000775a80000)
 ParOldGen       total 122880K, used 20746K [0x00000006c0c00000, 0x00000006c8400000, 0x000000076af00000)
  object space 122880K, 16% used [0x00000006c0c00000,0x00000006c2042860,0x00000006c8400000)
 Metaspace       used 21935K, capacity 22852K, committed 23040K, reserved 1069056K
  class space    used 3081K, capacity 3270K, committed 3328K, reserved 1048576K
}
Event: 1.944 GC heap before
{Heap before GC invocations=7 (full 1):
 PSYoungGen      total 97792K, used 88693K [0x000000076af00000, 0x0000000775a80000, 0x00000007c0000000)
  eden space 87040K, 100% used [0x000000076af00000,0x0000000770400000,0x0000000770400000)
  from space 10752K, 15% used [0x0000000770400000,0x000000077059d6d8,0x0000000770e80000)
  to   space 16384K, 0% used [0x0000000774a80000,0x0000000774a80000,0x0000000775a80000)
 ParOldGen       total 122880K, used 20746K [0x00000006c0c00000, 0x00000006c8400000, 0x000000076af00000)
  object space 122880K, 16% used [0x00000006c0c00000,0x00000006c2042860,0x00000006c8400000)
 Metaspace       used 22222K, capacity 23224K, committed 23296K, reserved 1069056K
  class space    used 3116K, capacity 3308K, committed 3328K, reserved 1048576K
Event: 1.946 GC heap after
Heap after GC invocations=7 (full 1):
 PSYoungGen      total 150016K, used 2246K [0x000000076af00000, 0x0000000775500000, 0x00000007c0000000)
  eden space 139264K, 0% used [0x000000076af00000,0x000000076af00000,0x0000000773700000)
  from space 10752K, 20% used [0x0000000774a80000,0x0000000774cb1bc8,0x0000000775500000)
  to   space 15360K, 0% used [0x0000000773700000,0x0000000773700000,0x0000000774600000)
 ParOldGen       total 122880K, used 20754K [0x00000006c0c00000, 0x00000006c8400000, 0x000000076af00000)
  object space 122880K, 16% used [0x00000006c0c00000,0x00000006c2044860,0x00000006c8400000)
 Metaspace       used 22222K, capacity 23224K, committed 23296K, reserved 1069056K
  class space    used 3116K, capacity 3308K, committed 3328K, reserved 1048576K
}

