# JRE version: Java(TM) SE Runtime Environment (8.0_71-b15) (build 1.8.0_71-b15)
# Java VM: Java HotSpot(TM) 64-Bit Server VM (25.71-b15 mixed mode windows-amd64 compressed oops)
Heap:
 PSYoungGen      total 110080K, used 95689K [0x000000076af00000, 0x0000000777a80000, 0x00000007c0000000)
  eden space 99328K, 94% used [0x000000076af00000,0x0000000770ad5a98,0x0000000771000000)
  from space 10752K, 15% used [0x0000000771000000,0x000000077119ca90,0x0000000771a80000)
  to   space 20992K, 0% used [0x0000000776600000,0x0000000776600000,0x0000000777a80000)
 ParOldGen       total 116736K, used 15291K [0x00000006c0c00000, 0x00000006c7e00000, 0x000000076af00000)
  object space 116736K, 13% used [0x00000006c0c00000,0x00000006c1aeede0,0x00000006c7e00000)
 Metaspace       used 23247K, capacity 24354K, committed 24576K, reserved 1071104K
  class space    used 3273K, capacity 3529K, committed 3584K, reserved 1048576K
GC Heap History (10 events):
Event: 1.245 GC heap before
{Heap before GC invocations=2 (full 0):
 PSYoungGen      total 76288K, used 13148K [0x000000076af00000, 0x0000000770400000, 0x00000007c0000000)
  eden space 65536K, 3% used [0x000000076af00000,0x000000076b15e658,0x000000076ef00000)
  from space 10752K, 99% used [0x000000076ef00000,0x000000076f978bd0,0x000000076f980000)
  to   space 10752K, 0% used [0x000000076f980000,0x000000076f980000,0x0000000770400000)
 ParOldGen       total 175104K, used 6904K [0x00000006c0c00000, 0x00000006cb700000, 0x000000076af00000)
  object space 175104K, 3% used [0x00000006c0c00000,0x00000006c12be148,0x00000006cb700000)
 Metaspace       used 20107K, capacity 21082K, committed 21248K, reserved 1067008K
  class space    used 2982K, capacity 3205K, committed 3328K, reserved 1048576K
Event: 1.251 GC heap after
Heap after GC invocations=2 (full 0):
 PSYoungGen      total 76288K, used 10722K [0x000000076af00000, 0x0000000774400000, 0x00000007c0000000)
  eden space 65536K, 0% used [0x000000076af00000,0x000000076af00000,0x000000076ef00000)
  from space 10752K, 99% used [0x000000076f980000,0x00000007703f8bf0,0x0000000770400000)
  to   space 10752K, 0% used [0x000000076ef00000,0x000000076ef00000,0x000000076f980000)
 ParOldGen       total 175104K, used 6944K [0x00000006c0c00000, 0x00000006cb700000, 0x000000076af00000)
  object space 175104K, 3% used [0x00000006c0c00000,0x00000006c12c8148,0x00000006cb700000)
 Metaspace       used 20107K, capacity 21082K, committed 21248K, reserved 1067008K
  class space    used 2982K, capacity 3205K, committed 3328K, reserved 1048576K
}
Event: 1.251 GC heap before
{Heap before GC invocations=3 (full 1):
 PSYoungGen      total 76288K, used 10722K [0x000000076af00000, 0x0000000774400000, 0x00000007c0000000)
  eden space 65536K, 0% used [0x000000076af00000,0x000000076af00000,0x000000076ef00000)
  from space 10752K, 99% used [0x000000076f980000,0x00000007703f8bf0,0x0000000770400000)
  to   space 10752K, 0% used [0x000000076ef00000,0x000000076ef00000,0x000000076f980000)
 ParOldGen       total 175104K, used 6944K [0x00000006c0c00000, 0x00000006cb700000, 0x000000076af00000)
  object space 175104K, 3% used [0x00000006c0c00000,0x00000006c12c8148,0x00000006cb700000)
 Metaspace       used 20107K, capacity 21082K, committed 21248K, reserved 1067008K
  class space    used 2982K, capacity 3205K, committed 3328K, reserved 1048576K
Event: 1.277 GC heap after
Heap after GC invocations=3 (full 1):
 PSYoungGen      total 76288K, used 0K [0x000000076af00000, 0x0000000774400000, 0x00000007c0000000)
  eden space 65536K, 0% used [0x000000076af00000,0x000000076af00000,0x000000076ef00000)
  from space 10752K, 0% used [0x000000076f980000,0x000000076f980000,0x0000000770400000)
  to   space 10752K, 0% used [0x000000076ef00000,0x000000076ef00000,0x000000076f980000)
 ParOldGen       total 116736K, used 15275K [0x00000006c0c00000, 0x00000006c7e00000, 0x000000076af00000)
  object space 116736K, 13% used [0x00000006c0c00000,0x00000006c1aeade0,0x00000006c7e00000)
 Metaspace       used 20107K, capacity 21082K, committed 21248K, reserved 1067008K
  class space    used 2982K, capacity 3205K, committed 3328K, reserved 1048576K
}
Event: 1.739 GC heap before
{Heap before GC invocations=4 (full 1):
 PSYoungGen      total 76288K, used 65508K [0x000000076af00000, 0x0000000774400000, 0x00000007c0000000)
  eden space 65536K, 99% used [0x000000076af00000,0x000000076eef9378,0x000000076ef00000)
  from space 10752K, 0% used [0x000000076f980000,0x000000076f980000,0x0000000770400000)
  to   space 10752K, 0% used [0x000000076ef00000,0x000000076ef00000,0x000000076f980000)
 ParOldGen       total 116736K, used 15275K [0x00000006c0c00000, 0x00000006c7e00000, 0x000000076af00000)
  object space 116736K, 13% used [0x00000006c0c00000,0x00000006c1aeade0,0x00000006c7e00000)
 Metaspace       used 22371K, capacity 23334K, committed 23424K, reserved 1069056K
  class space    used 3203K, capacity 3439K, committed 3456K, reserved 1048576K
Event: 1.743 GC heap after
Heap after GC invocations=4 (full 1):
 PSYoungGen      total 76288K, used 2725K [0x000000076af00000, 0x0000000772500000, 0x00000007c0000000)
  eden space 65536K, 0% used [0x000000076af00000,0x000000076af00000,0x000000076ef00000)
  from space 10752K, 25% used [0x000000076ef00000,0x000000076f1a9508,0x000000076f980000)
  to   space 10752K, 0% used [0x0000000771a80000,0x0000000771a80000,0x0000000772500000)
 ParOldGen       total 116736K, used 15283K [0x00000006c0c00000, 0x00000006c7e00000, 0x000000076af00000)
  object space 116736K, 13% used [0x00000006c0c00000,0x00000006c1aecde0,0x00000006c7e00000)
 Metaspace       used 22371K, capacity 23334K, committed 23424K, reserved 1069056K
  class space    used 3203K, capacity 3439K, committed 3456K, reserved 1048576K
}
Event: 1.758 GC heap before
{Heap before GC invocations=5 (full 1):
 PSYoungGen      total 76288K, used 68179K [0x000000076af00000, 0x0000000772500000, 0x00000007c0000000)
  eden space 65536K, 99% used [0x000000076af00000,0x000000076eeeb930,0x000000076ef00000)
  from space 10752K, 25% used [0x000000076ef00000,0x000000076f1a9508,0x000000076f980000)
  to   space 10752K, 0% used [0x0000000771a80000,0x0000000771a80000,0x0000000772500000)
 ParOldGen       total 116736K, used 15283K [0x00000006c0c00000, 0x00000006c7e00000, 0x000000076af00000)
  object space 116736K, 13% used [0x00000006c0c00000,0x00000006c1aecde0,0x00000006c7e00000)
 Metaspace       used 22374K, capacity 23334K, committed 23424K, reserved 1069056K
  class space    used 3203K, capacity 3439K, committed 3456K, reserved 1048576K
Event: 1.759 GC heap after
Heap after GC invocations=5 (full 1):
 PSYoungGen      total 110080K, used 1666K [0x000000076af00000, 0x0000000772c80000, 0x00000007c0000000)
  eden space 99328K, 0% used [0x000000076af00000,0x000000076af00000,0x0000000771000000)
  from space 10752K, 15% used [0x0000000771a80000,0x0000000771c20bb8,0x0000000772500000)
  to   space 10752K, 0% used [0x0000000771000000,0x0000000771000000,0x0000000771a80000)
 ParOldGen       total 116736K, used 15291K [0x00000006c0c00000, 0x00000006c7e00000, 0x000000076af00000)
  object space 116736K, 13% used [0x00000006c0c00000,0x00000006c1aeede0,0x00000006c7e00000)
 Metaspace       used 22374K, capacity 23334K, committed 23424K, reserved 1069056K
  class space    used 3203K, capacity 3439K, committed 3456K, reserved 1048576K
}
Event: 1.778 GC heap before
{Heap before GC invocations=6 (full 1):
 PSYoungGen      total 110080K, used 100925K [0x000000076af00000, 0x0000000772c80000, 0x00000007c0000000)
  eden space 99328K, 99% used [0x000000076af00000,0x0000000770fee8d0,0x0000000771000000)
  from space 10752K, 15% used [0x0000000771a80000,0x0000000771c20bb8,0x0000000772500000)
  to   space 10752K, 0% used [0x0000000771000000,0x0000000771000000,0x0000000771a80000)
 ParOldGen       total 116736K, used 15291K [0x00000006c0c00000, 0x00000006c7e00000, 0x000000076af00000)
  object space 116736K, 13% used [0x00000006c0c00000,0x00000006c1aeede0,0x00000006c7e00000)
 Metaspace       used 22374K, capacity 23334K, committed 23424K, reserved 1069056K
  class space    used 3203K, capacity 3439K, committed 3456K, reserved 1048576K
Event: 1.780 GC heap after
Heap after GC invocations=6 (full 1):
 PSYoungGen      total 110080K, used 1650K [0x000000076af00000, 0x0000000777a80000, 0x00000007c0000000)
  eden space 99328K, 0% used [0x000000076af00000,0x000000076af00000,0x0000000771000000)
  from space 10752K, 15% used [0x0000000771000000,0x000000077119ca90,0x0000000771a80000)
  to   space 20992K, 0% used [0x0000000776600000,0x0000000776600000,0x0000000777a80000)
 ParOldGen       total 116736K, used 15291K [0x00000006c0c00000, 0x00000006c7e00000, 0x000000076af00000)
  object space 116736K, 13% used [0x00000006c0c00000,0x00000006c1aeede0,0x00000006c7e00000)
 Metaspace       used 22374K, capacity 23334K, committed 23424K, reserved 1069056K
  class space    used 3203K, capacity 3439K, committed 3456K, reserved 1048576K
}

