# JRE version: Java(TM) SE Runtime Environment (8.0_71-b15) (build 1.8.0_71-b15)
# Java VM: Java HotSpot(TM) 64-Bit Server VM (25.71-b15 mixed mode windows-amd64 compressed oops)
Heap:
 PSYoungGen      total 155648K, used 112707K [0x000000076af00000, 0x0000000775580000, 0x00000007c0000000)
  eden space 144896K, 76% used [0x000000076af00000,0x0000000771b0fe20,0x0000000773c80000)
  from space 10752K, 19% used [0x0000000774b00000,0x0000000774d01090,0x0000000775580000)
  to   space 12800K, 0% used [0x0000000773c80000,0x0000000773c80000,0x0000000774900000)
 ParOldGen       total 123392K, used 10594K [0x00000006c0c00000, 0x00000006c8480000, 0x000000076af00000)
  object space 123392K, 8% used [0x00000006c0c00000,0x00000006c1658bc0,0x00000006c8480000)
 Metaspace       used 23305K, capacity 24424K, committed 24576K, reserved 1071104K
  class space    used 3223K, capacity 3474K, committed 3584K, reserved 1048576K
GC Heap History (10 events):
Event: 1.356 GC heap before
{Heap before GC invocations=3 (full 1):
 PSYoungGen      total 76288K, used 9106K [0x000000076af00000, 0x0000000770400000, 0x00000007c0000000)
  eden space 65536K, 0% used [0x000000076af00000,0x000000076af00000,0x000000076ef00000)
  from space 10752K, 84% used [0x000000076f980000,0x0000000770264ac0,0x0000000770400000)
  to   space 10752K, 0% used [0x000000076ef00000,0x000000076ef00000,0x000000076f980000)
 ParOldGen       total 175104K, used 2088K [0x00000006c0c00000, 0x00000006cb700000, 0x000000076af00000)
  object space 175104K, 1% used [0x00000006c0c00000,0x00000006c0e0a010,0x00000006cb700000)
 Metaspace       used 20193K, capacity 21178K, committed 21296K, reserved 1067008K
  class space    used 2906K, capacity 3139K, committed 3200K, reserved 1048576K
Event: 1.383 GC heap after
Heap after GC invocations=3 (full 1):
 PSYoungGen      total 76288K, used 0K [0x000000076af00000, 0x0000000770400000, 0x00000007c0000000)
  eden space 65536K, 0% used [0x000000076af00000,0x000000076af00000,0x000000076ef00000)
  from space 10752K, 0% used [0x000000076f980000,0x000000076f980000,0x0000000770400000)
  to   space 10752K, 0% used [0x000000076ef00000,0x000000076ef00000,0x000000076f980000)
 ParOldGen       total 123392K, used 10570K [0x00000006c0c00000, 0x00000006c8480000, 0x000000076af00000)
  object space 123392K, 8% used [0x00000006c0c00000,0x00000006c1652bc0,0x00000006c8480000)
 Metaspace       used 20193K, capacity 21178K, committed 21296K, reserved 1067008K
  class space    used 2906K, capacity 3139K, committed 3200K, reserved 1048576K
}
Event: 1.662 GC heap before
{Heap before GC invocations=4 (full 1):
 PSYoungGen      total 76288K, used 65532K [0x000000076af00000, 0x0000000770400000, 0x00000007c0000000)
  eden space 65536K, 99% used [0x000000076af00000,0x000000076eeff008,0x000000076ef00000)
  from space 10752K, 0% used [0x000000076f980000,0x000000076f980000,0x0000000770400000)
  to   space 10752K, 0% used [0x000000076ef00000,0x000000076ef00000,0x000000076f980000)
 ParOldGen       total 123392K, used 10570K [0x00000006c0c00000, 0x00000006c8480000, 0x000000076af00000)
  object space 123392K, 8% used [0x00000006c0c00000,0x00000006c1652bc0,0x00000006c8480000)
 Metaspace       used 22025K, capacity 23032K, committed 23296K, reserved 1069056K
  class space    used 3088K, capacity 3304K, committed 3328K, reserved 1048576K
Event: 1.666 GC heap after
Heap after GC invocations=4 (full 1):
 PSYoungGen      total 76288K, used 3029K [0x000000076af00000, 0x0000000771980000, 0x00000007c0000000)
  eden space 65536K, 0% used [0x000000076af00000,0x000000076af00000,0x000000076ef00000)
  from space 10752K, 28% used [0x000000076ef00000,0x000000076f1f54f0,0x000000076f980000)
  to   space 10752K, 0% used [0x0000000770f00000,0x0000000770f00000,0x0000000771980000)
 ParOldGen       total 123392K, used 10578K [0x00000006c0c00000, 0x00000006c8480000, 0x000000076af00000)
  object space 123392K, 8% used [0x00000006c0c00000,0x00000006c1654bc0,0x00000006c8480000)
 Metaspace       used 22025K, capacity 23032K, committed 23296K, reserved 1069056K
  class space    used 3088K, capacity 3304K, committed 3328K, reserved 1048576K
}
Event: 1.687 GC heap before
{Heap before GC invocations=5 (full 1):
 PSYoungGen      total 76288K, used 68550K [0x000000076af00000, 0x0000000771980000, 0x00000007c0000000)
  eden space 65536K, 99% used [0x000000076af00000,0x000000076eefc390,0x000000076ef00000)
  from space 10752K, 28% used [0x000000076ef00000,0x000000076f1f54f0,0x000000076f980000)
  to   space 10752K, 0% used [0x0000000770f00000,0x0000000770f00000,0x0000000771980000)
 ParOldGen       total 123392K, used 10578K [0x00000006c0c00000, 0x00000006c8480000, 0x000000076af00000)
  object space 123392K, 8% used [0x00000006c0c00000,0x00000006c1654bc0,0x00000006c8480000)
 Metaspace       used 22028K, capacity 23032K, committed 23296K, reserved 1069056K
  class space    used 3088K, capacity 3304K, committed 3328K, reserved 1048576K
Event: 1.688 GC heap after
Heap after GC invocations=5 (full 1):
 PSYoungGen      total 98304K, used 1828K [0x000000076af00000, 0x0000000772900000, 0x00000007c0000000)
  eden space 87552K, 0% used [0x000000076af00000,0x000000076af00000,0x0000000770480000)
  from space 10752K, 17% used [0x0000000770f00000,0x00000007710c9390,0x0000000771980000)
  to   space 10752K, 0% used [0x0000000770480000,0x0000000770480000,0x0000000770f00000)
 ParOldGen       total 123392K, used 10578K [0x00000006c0c00000, 0x00000006c8480000, 0x000000076af00000)
  object space 123392K, 8% used [0x00000006c0c00000,0x00000006c1654bc0,0x00000006c8480000)
 Metaspace       used 22028K, capacity 23032K, committed 23296K, reserved 1069056K
  class space    used 3088K, capacity 3304K, committed 3328K, reserved 1048576K
}
Event: 1.710 GC heap before
{Heap before GC invocations=6 (full 1):
 PSYoungGen      total 98304K, used 89261K [0x000000076af00000, 0x0000000772900000, 0x00000007c0000000)
  eden space 87552K, 99% used [0x000000076af00000,0x0000000770462428,0x0000000770480000)
  from space 10752K, 17% used [0x0000000770f00000,0x00000007710c9390,0x0000000771980000)
  to   space 10752K, 0% used [0x0000000770480000,0x0000000770480000,0x0000000770f00000)
 ParOldGen       total 123392K, used 10578K [0x00000006c0c00000, 0x00000006c8480000, 0x000000076af00000)
  object space 123392K, 8% used [0x00000006c0c00000,0x00000006c1654bc0,0x00000006c8480000)
 Metaspace       used 22033K, capacity 23032K, committed 23296K, reserved 1069056K
  class space    used 3088K, capacity 3304K, committed 3328K, reserved 1048576K
Event: 1.712 GC heap after
Heap after GC invocations=6 (full 1):
 PSYoungGen      total 98304K, used 1831K [0x000000076af00000, 0x0000000775800000, 0x00000007c0000000)
  eden space 87552K, 0% used [0x000000076af00000,0x000000076af00000,0x0000000770480000)
  from space 10752K, 17% used [0x0000000770480000,0x0000000770649d30,0x0000000770f00000)
  to   space 13312K, 0% used [0x0000000774b00000,0x0000000774b00000,0x0000000775800000)
 ParOldGen       total 123392K, used 10586K [0x00000006c0c00000, 0x00000006c8480000, 0x000000076af00000)
  object space 123392K, 8% used [0x00000006c0c00000,0x00000006c1656bc0,0x00000006c8480000)
 Metaspace       used 22033K, capacity 23032K, committed 23296K, reserved 1069056K
  class space    used 3088K, capacity 3304K, committed 3328K, reserved 1048576K
}
Event: 1.766 GC heap before
{Heap before GC invocations=7 (full 1):
 PSYoungGen      total 98304K, used 89383K [0x000000076af00000, 0x0000000775800000, 0x00000007c0000000)
  eden space 87552K, 100% used [0x000000076af00000,0x0000000770480000,0x0000000770480000)
  from space 10752K, 17% used [0x0000000770480000,0x0000000770649d30,0x0000000770f00000)
  to   space 13312K, 0% used [0x0000000774b00000,0x0000000774b00000,0x0000000775800000)
 ParOldGen       total 123392K, used 10586K [0x00000006c0c00000, 0x00000006c8480000, 0x000000076af00000)
  object space 123392K, 8% used [0x00000006c0c00000,0x00000006c1656bc0,0x00000006c8480000)
 Metaspace       used 22086K, capacity 23032K, committed 23296K, reserved 1069056K
  class space    used 3091K, capacity 3304K, committed 3328K, reserved 1048576K
Event: 1.768 GC heap after
Heap after GC invocations=7 (full 1):
 PSYoungGen      total 155648K, used 2052K [0x000000076af00000, 0x0000000775580000, 0x00000007c0000000)
  eden space 144896K, 0% used [0x000000076af00000,0x000000076af00000,0x0000000773c80000)
  from space 10752K, 19% used [0x0000000774b00000,0x0000000774d01090,0x0000000775580000)
  to   space 12800K, 0% used [0x0000000773c80000,0x0000000773c80000,0x0000000774900000)
 ParOldGen       total 123392K, used 10594K [0x00000006c0c00000, 0x00000006c8480000, 0x000000076af00000)
  object space 123392K, 8% used [0x00000006c0c00000,0x00000006c1658bc0,0x00000006c8480000)
 Metaspace       used 22086K, capacity 23032K, committed 23296K, reserved 1069056K
  class space    used 3091K, capacity 3304K, committed 3328K, reserved 1048576K
}

