# JRE version: Java(TM) SE Runtime Environment (8.0_71-b15) (build 1.8.0_71-b15)
# Java VM: Java HotSpot(TM) 64-Bit Server VM (25.71-b15 mixed mode windows-amd64 compressed oops)
Heap:
 PSYoungGen      total 182784K, used 147183K [0x000000076af00000, 0x000000077c780000, 0x00000007c0000000)
  eden space 166912K, 83% used [0x000000076af00000,0x00000007736b42c0,0x0000000775200000)
  from space 15872K, 51% used [0x0000000775200000,0x0000000775a07940,0x0000000776180000)
  to   space 15872K, 0% used [0x000000077b800000,0x000000077b800000,0x000000077c780000)
 ParOldGen       total 137216K, used 16484K [0x00000006c0c00000, 0x00000006c9200000, 0x000000076af00000)
  object space 137216K, 12% used [0x00000006c0c00000,0x00000006c1c19298,0x00000006c9200000)
 Metaspace       used 24502K, capacity 25674K, committed 25984K, reserved 1071104K
  class space    used 3359K, capacity 3617K, committed 3712K, reserved 1048576K
GC Heap History (10 events):
Event: 1.774 GC heap before
{Heap before GC invocations=4 (full 1):
 PSYoungGen      total 76288K, used 68125K [0x000000076af00000, 0x0000000771700000, 0x00000007c0000000)
  eden space 65536K, 99% used [0x000000076af00000,0x000000076eee4460,0x000000076ef00000)
  from space 10752K, 25% used [0x000000076f980000,0x000000076fc23398,0x0000000770400000)
  to   space 10752K, 0% used [0x000000076ef00000,0x000000076ef00000,0x000000076f980000)
 ParOldGen       total 137216K, used 15152K [0x00000006c0c00000, 0x00000006c9200000, 0x000000076af00000)
  object space 137216K, 11% used [0x00000006c0c00000,0x00000006c1acc280,0x00000006c9200000)
 Metaspace       used 22293K, capacity 23274K, committed 23424K, reserved 1069056K
  class space    used 3201K, capacity 3443K, committed 3456K, reserved 1048576K
Event: 1.775 GC heap after
Heap after GC invocations=4 (full 1):
 PSYoungGen      total 76288K, used 1605K [0x000000076af00000, 0x0000000772a80000, 0x00000007c0000000)
  eden space 65536K, 0% used [0x000000076af00000,0x000000076af00000,0x000000076ef00000)
  from space 10752K, 14% used [0x000000076ef00000,0x000000076f091478,0x000000076f980000)
  to   space 10752K, 0% used [0x0000000772000000,0x0000000772000000,0x0000000772a80000)
 ParOldGen       total 137216K, used 15160K [0x00000006c0c00000, 0x00000006c9200000, 0x000000076af00000)
  object space 137216K, 11% used [0x00000006c0c00000,0x00000006c1ace280,0x00000006c9200000)
 Metaspace       used 22293K, capacity 23274K, committed 23424K, reserved 1069056K
  class space    used 3201K, capacity 3443K, committed 3456K, reserved 1048576K
}
Event: 1.788 GC heap before
{Heap before GC invocations=5 (full 1):
 PSYoungGen      total 76288K, used 67075K [0x000000076af00000, 0x0000000772a80000, 0x00000007c0000000)
  eden space 65536K, 99% used [0x000000076af00000,0x000000076eeefa48,0x000000076ef00000)
  from space 10752K, 14% used [0x000000076ef00000,0x000000076f091478,0x000000076f980000)
  to   space 10752K, 0% used [0x0000000772000000,0x0000000772000000,0x0000000772a80000)
 ParOldGen       total 137216K, used 15160K [0x00000006c0c00000, 0x00000006c9200000, 0x000000076af00000)
  object space 137216K, 11% used [0x00000006c0c00000,0x00000006c1ace280,0x00000006c9200000)
 Metaspace       used 22294K, capacity 23274K, committed 23424K, reserved 1069056K
  class space    used 3201K, capacity 3443K, committed 3456K, reserved 1048576K
Event: 1.789 GC heap after
Heap after GC invocations=5 (full 1):
 PSYoungGen      total 115712K, used 1730K [0x000000076af00000, 0x0000000773100000, 0x00000007c0000000)
  eden space 104960K, 0% used [0x000000076af00000,0x000000076af00000,0x0000000771580000)
  from space 10752K, 16% used [0x0000000772000000,0x00000007721b0b90,0x0000000772a80000)
  to   space 10752K, 0% used [0x0000000771580000,0x0000000771580000,0x0000000772000000)
 ParOldGen       total 137216K, used 15168K [0x00000006c0c00000, 0x00000006c9200000, 0x000000076af00000)
  object space 137216K, 11% used [0x00000006c0c00000,0x00000006c1ad0280,0x00000006c9200000)
 Metaspace       used 22294K, capacity 23274K, committed 23424K, reserved 1069056K
  class space    used 3201K, capacity 3443K, committed 3456K, reserved 1048576K
}
Event: 2.361 GC heap before
{Heap before GC invocations=6 (full 1):
 PSYoungGen      total 115712K, used 106690K [0x000000076af00000, 0x0000000773100000, 0x00000007c0000000)
  eden space 104960K, 100% used [0x000000076af00000,0x0000000771580000,0x0000000771580000)
  from space 10752K, 16% used [0x0000000772000000,0x00000007721b0b90,0x0000000772a80000)
  to   space 10752K, 0% used [0x0000000771580000,0x0000000771580000,0x0000000772000000)
 ParOldGen       total 137216K, used 15168K [0x00000006c0c00000, 0x00000006c9200000, 0x000000076af00000)
  object space 137216K, 11% used [0x00000006c0c00000,0x00000006c1ad0280,0x00000006c9200000)
 Metaspace       used 22912K, capacity 23936K, committed 24064K, reserved 1069056K
  class space    used 3242K, capacity 3486K, committed 3584K, reserved 1048576K
Event: 2.364 GC heap after
Heap after GC invocations=6 (full 1):
 PSYoungGen      total 115712K, used 3764K [0x000000076af00000, 0x0000000777900000, 0x00000007c0000000)
  eden space 104960K, 0% used [0x000000076af00000,0x000000076af00000,0x0000000771580000)
  from space 10752K, 35% used [0x0000000771580000,0x000000077192d2d0,0x0000000772000000)
  to   space 16896K, 0% used [0x0000000776880000,0x0000000776880000,0x0000000777900000)
 ParOldGen       total 137216K, used 15176K [0x00000006c0c00000, 0x00000006c9200000, 0x000000076af00000)
  object space 137216K, 11% used [0x00000006c0c00000,0x00000006c1ad2280,0x00000006c9200000)
 Metaspace       used 22912K, capacity 23936K, committed 24064K, reserved 1069056K
  class space    used 3242K, capacity 3486K, committed 3584K, reserved 1048576K
}
Event: 3.440 GC heap before
{Heap before GC invocations=7 (full 1):
 PSYoungGen      total 115712K, used 108724K [0x000000076af00000, 0x0000000777900000, 0x00000007c0000000)
  eden space 104960K, 100% used [0x000000076af00000,0x0000000771580000,0x0000000771580000)
  from space 10752K, 35% used [0x0000000771580000,0x000000077192d2d0,0x0000000772000000)
  to   space 16896K, 0% used [0x0000000776880000,0x0000000776880000,0x0000000777900000)
 ParOldGen       total 137216K, used 15176K [0x00000006c0c00000, 0x00000006c9200000, 0x000000076af00000)
  object space 137216K, 11% used [0x00000006c0c00000,0x00000006c1ad2290,0x00000006c9200000)
 Metaspace       used 23587K, capacity 24712K, committed 24832K, reserved 1071104K
  class space    used 3287K, capacity 3540K, committed 3584K, reserved 1048576K
Event: 3.445 GC heap after
Heap after GC invocations=7 (full 1):
 PSYoungGen      total 175616K, used 6862K [0x000000076af00000, 0x0000000777100000, 0x00000007c0000000)
  eden space 166912K, 0% used [0x000000076af00000,0x000000076af00000,0x0000000775200000)
  from space 8704K, 78% used [0x0000000776880000,0x0000000776f33830,0x0000000777100000)
  to   space 15872K, 0% used [0x0000000775200000,0x0000000775200000,0x0000000776180000)
 ParOldGen       total 137216K, used 15184K [0x00000006c0c00000, 0x00000006c9200000, 0x000000076af00000)
  object space 137216K, 11% used [0x00000006c0c00000,0x00000006c1ad4290,0x00000006c9200000)
 Metaspace       used 23587K, capacity 24712K, committed 24832K, reserved 1071104K
  class space    used 3287K, capacity 3540K, committed 3584K, reserved 1048576K
}
Event: 4.522 GC heap before
{Heap before GC invocations=8 (full 1):
 PSYoungGen      total 175616K, used 173774K [0x000000076af00000, 0x0000000777100000, 0x00000007c0000000)
  eden space 166912K, 100% used [0x000000076af00000,0x0000000775200000,0x0000000775200000)
  from space 8704K, 78% used [0x0000000776880000,0x0000000776f33830,0x0000000777100000)
  to   space 15872K, 0% used [0x0000000775200000,0x0000000775200000,0x0000000776180000)
 ParOldGen       total 137216K, used 15186K [0x00000006c0c00000, 0x00000006c9200000, 0x000000076af00000)
  object space 137216K, 11% used [0x00000006c0c00000,0x00000006c1ad4990,0x00000006c9200000)
 Metaspace       used 24062K, capacity 25182K, committed 25344K, reserved 1071104K
  class space    used 3322K, capacity 3583K, committed 3584K, reserved 1048576K
Event: 4.527 GC heap after
Heap after GC invocations=8 (full 1):
 PSYoungGen      total 182784K, used 8222K [0x000000076af00000, 0x000000077c780000, 0x00000007c0000000)
  eden space 166912K, 0% used [0x000000076af00000,0x000000076af00000,0x0000000775200000)
  from space 15872K, 51% used [0x0000000775200000,0x0000000775a07940,0x0000000776180000)
  to   space 15872K, 0% used [0x000000077b800000,0x000000077b800000,0x000000077c780000)
 ParOldGen       total 137216K, used 16484K [0x00000006c0c00000, 0x00000006c9200000, 0x000000076af00000)
  object space 137216K, 12% used [0x00000006c0c00000,0x00000006c1c19298,0x00000006c9200000)
 Metaspace       used 24062K, capacity 25182K, committed 25344K, reserved 1071104K
  class space    used 3322K, capacity 3583K, committed 3584K, reserved 1048576K
}

