# JRE version: Java(TM) SE Runtime Environment (8.0_71-b15) (build 1.8.0_71-b15)
# Java VM: Java HotSpot(TM) 64-Bit Server VM (25.71-b15 mixed mode windows-amd64 compressed oops)
Heap:
 PSYoungGen      total 230400K, used 62057K [0x000000076af00000, 0x000000077a080000, 0x00000007c0000000)
  eden space 216576K, 25% used [0x000000076af00000,0x000000076e478fd8,0x0000000778280000)
  from space 13824K, 52% used [0x0000000779300000,0x0000000779a217a0,0x000000077a080000)
  to   space 15360K, 0% used [0x0000000778280000,0x0000000778280000,0x0000000779180000)
 ParOldGen       total 123392K, used 18120K [0x00000006c0c00000, 0x00000006c8480000, 0x000000076af00000)
  object space 123392K, 14% used [0x00000006c0c00000,0x00000006c1db20a0,0x00000006c8480000)
 Metaspace       used 22688K, capacity 23688K, committed 23808K, reserved 1069056K
  class space    used 2978K, capacity 3220K, committed 3328K, reserved 1048576K
GC Heap History (10 events):
Event: 4.656 GC heap before
{Heap before GC invocations=3 (full 1):
 PSYoungGen      total 76288K, used 10724K [0x000000076af00000, 0x0000000770400000, 0x00000007c0000000)
  eden space 65536K, 0% used [0x000000076af00000,0x000000076af00000,0x000000076ef00000)
  from space 10752K, 99% used [0x000000076f980000,0x00000007703f9180,0x0000000770400000)
  to   space 10752K, 0% used [0x000000076ef00000,0x000000076ef00000,0x000000076f980000)
 ParOldGen       total 175104K, used 2086K [0x00000006c0c00000, 0x00000006cb700000, 0x000000076af00000)
  object space 175104K, 1% used [0x00000006c0c00000,0x00000006c0e098a0,0x00000006cb700000)
 Metaspace       used 20299K, capacity 21086K, committed 21248K, reserved 1067008K
  class space    used 2754K, capacity 2977K, committed 3072K, reserved 1048576K
Event: 4.691 GC heap after
Heap after GC invocations=3 (full 1):
 PSYoungGen      total 76288K, used 0K [0x000000076af00000, 0x0000000770400000, 0x00000007c0000000)
  eden space 65536K, 0% used [0x000000076af00000,0x000000076af00000,0x000000076ef00000)
  from space 10752K, 0% used [0x000000076f980000,0x000000076f980000,0x0000000770400000)
  to   space 10752K, 0% used [0x000000076ef00000,0x000000076ef00000,0x000000076f980000)
 ParOldGen       total 123392K, used 9236K [0x00000006c0c00000, 0x00000006c8480000, 0x000000076af00000)
  object space 123392K, 7% used [0x00000006c0c00000,0x00000006c15052c8,0x00000006c8480000)
 Metaspace       used 20299K, capacity 21086K, committed 21248K, reserved 1067008K
  class space    used 2754K, capacity 2977K, committed 3072K, reserved 1048576K
}
Event: 4.917 GC heap before
{Heap before GC invocations=4 (full 1):
 PSYoungGen      total 76288K, used 65525K [0x000000076af00000, 0x0000000770400000, 0x00000007c0000000)
  eden space 65536K, 99% used [0x000000076af00000,0x000000076eefd7a0,0x000000076ef00000)
  from space 10752K, 0% used [0x000000076f980000,0x000000076f980000,0x0000000770400000)
  to   space 10752K, 0% used [0x000000076ef00000,0x000000076ef00000,0x000000076f980000)
 ParOldGen       total 123392K, used 9996K [0x00000006c0c00000, 0x00000006c8480000, 0x000000076af00000)
  object space 123392K, 8% used [0x00000006c0c00000,0x00000006c15c3360,0x00000006c8480000)
 Metaspace       used 21059K, capacity 21908K, committed 22144K, reserved 1069056K
  class space    used 2830K, capacity 3076K, committed 3200K, reserved 1048576K
Event: 4.929 GC heap after
Heap after GC invocations=4 (full 1):
 PSYoungGen      total 76288K, used 806K [0x000000076af00000, 0x0000000772f80000, 0x00000007c0000000)
  eden space 65536K, 0% used [0x000000076af00000,0x000000076af00000,0x000000076ef00000)
  from space 10752K, 7% used [0x000000076ef00000,0x000000076efc9828,0x000000076f980000)
  to   space 10752K, 0% used [0x0000000772500000,0x0000000772500000,0x0000000772f80000)
 ParOldGen       total 123392K, used 10004K [0x00000006c0c00000, 0x00000006c8480000, 0x000000076af00000)
  object space 123392K, 8% used [0x00000006c0c00000,0x00000006c15c5360,0x00000006c8480000)
 Metaspace       used 21059K, capacity 21908K, committed 22144K, reserved 1069056K
  class space    used 2830K, capacity 3076K, committed 3200K, reserved 1048576K
}
Event: 4.951 GC heap before
{Heap before GC invocations=5 (full 1):
 PSYoungGen      total 76288K, used 66254K [0x000000076af00000, 0x0000000772f80000, 0x00000007c0000000)
  eden space 65536K, 99% used [0x000000076af00000,0x000000076eeea160,0x000000076ef00000)
  from space 10752K, 7% used [0x000000076ef00000,0x000000076efc9828,0x000000076f980000)
  to   space 10752K, 0% used [0x0000000772500000,0x0000000772500000,0x0000000772f80000)
 ParOldGen       total 123392K, used 18112K [0x00000006c0c00000, 0x00000006c8480000, 0x000000076af00000)
  object space 123392K, 14% used [0x00000006c0c00000,0x00000006c1db00a0,0x00000006c8480000)
 Metaspace       used 21059K, capacity 21908K, committed 22144K, reserved 1069056K
  class space    used 2830K, capacity 3076K, committed 3200K, reserved 1048576K
Event: 4.979 GC heap after
Heap after GC invocations=5 (full 1):
 PSYoungGen      total 120832K, used 790K [0x000000076af00000, 0x0000000774100000, 0x00000007c0000000)
  eden space 110080K, 0% used [0x000000076af00000,0x000000076af00000,0x0000000771a80000)
  from space 10752K, 7% used [0x0000000772500000,0x00000007725c5838,0x0000000772f80000)
  to   space 10752K, 0% used [0x0000000771a80000,0x0000000771a80000,0x0000000772500000)
 ParOldGen       total 123392K, used 18112K [0x00000006c0c00000, 0x00000006c8480000, 0x000000076af00000)
  object space 123392K, 14% used [0x00000006c0c00000,0x00000006c1db00a0,0x00000006c8480000)
 Metaspace       used 21059K, capacity 21908K, committed 22144K, reserved 1069056K
  class space    used 2830K, capacity 3076K, committed 3200K, reserved 1048576K
}
Event: 5.012 GC heap before
{Heap before GC invocations=6 (full 1):
 PSYoungGen      total 120832K, used 110857K [0x000000076af00000, 0x0000000774100000, 0x00000007c0000000)
  eden space 110080K, 99% used [0x000000076af00000,0x0000000771a7ce38,0x0000000771a80000)
  from space 10752K, 7% used [0x0000000772500000,0x00000007725c5838,0x0000000772f80000)
  to   space 10752K, 0% used [0x0000000771a80000,0x0000000771a80000,0x0000000772500000)
 ParOldGen       total 123392K, used 18112K [0x00000006c0c00000, 0x00000006c8480000, 0x000000076af00000)
  object space 123392K, 14% used [0x00000006c0c00000,0x00000006c1db00a0,0x00000006c8480000)
 Metaspace       used 21069K, capacity 21972K, committed 22144K, reserved 1069056K
  class space    used 2830K, capacity 3076K, committed 3200K, reserved 1048576K
Event: 5.065 GC heap after
Heap after GC invocations=6 (full 1):
 PSYoungGen      total 120832K, used 1033K [0x000000076af00000, 0x000000077a280000, 0x00000007c0000000)
  eden space 110080K, 0% used [0x000000076af00000,0x000000076af00000,0x0000000771a80000)
  from space 10752K, 9% used [0x0000000771a80000,0x0000000771b82410,0x0000000772500000)
  to   space 15872K, 0% used [0x0000000779300000,0x0000000779300000,0x000000077a280000)
 ParOldGen       total 123392K, used 18112K [0x00000006c0c00000, 0x00000006c8480000, 0x000000076af00000)
  object space 123392K, 14% used [0x00000006c0c00000,0x00000006c1db00a0,0x00000006c8480000)
 Metaspace       used 21069K, capacity 21972K, committed 22144K, reserved 1069056K
  class space    used 2830K, capacity 3076K, committed 3200K, reserved 1048576K
}
Event: 6.322 GC heap before
{Heap before GC invocations=7 (full 1):
 PSYoungGen      total 120832K, used 111113K [0x000000076af00000, 0x000000077a280000, 0x00000007c0000000)
  eden space 110080K, 100% used [0x000000076af00000,0x0000000771a80000,0x0000000771a80000)
  from space 10752K, 9% used [0x0000000771a80000,0x0000000771b82410,0x0000000772500000)
  to   space 15872K, 0% used [0x0000000779300000,0x0000000779300000,0x000000077a280000)
 ParOldGen       total 123392K, used 18112K [0x00000006c0c00000, 0x00000006c8480000, 0x000000076af00000)
  object space 123392K, 14% used [0x00000006c0c00000,0x00000006c1db00a0,0x00000006c8480000)
 Metaspace       used 22378K, capacity 23258K, committed 23552K, reserved 1069056K
  class space    used 2960K, capacity 3211K, committed 3328K, reserved 1048576K
Event: 6.326 GC heap after
Heap after GC invocations=7 (full 1):
 PSYoungGen      total 230400K, used 7301K [0x000000076af00000, 0x000000077a080000, 0x00000007c0000000)
  eden space 216576K, 0% used [0x000000076af00000,0x000000076af00000,0x0000000778280000)
  from space 13824K, 52% used [0x0000000779300000,0x0000000779a217a0,0x000000077a080000)
  to   space 15360K, 0% used [0x0000000778280000,0x0000000778280000,0x0000000779180000)
 ParOldGen       total 123392K, used 18120K [0x00000006c0c00000, 0x00000006c8480000, 0x000000076af00000)
  object space 123392K, 14% used [0x00000006c0c00000,0x00000006c1db20a0,0x00000006c8480000)
 Metaspace       used 22378K, capacity 23258K, committed 23552K, reserved 1069056K
  class space    used 2960K, capacity 3211K, committed 3328K, reserved 1048576K
}

