# JRE version: Java(TM) SE Runtime Environment (8.0_71-b15) (build 1.8.0_71-b15)
# Java VM: Java HotSpot(TM) 64-Bit Server VM (25.71-b15 mixed mode windows-amd64 compressed oops)
Heap:
 PSYoungGen      total 369664K, used 367104K [0x000000076af00000, 0x0000000797800000, 0x00000007c0000000)
  eden space 367104K, 100% used [0x000000076af00000,0x0000000781580000,0x0000000781580000)
  from space 2560K, 0% used [0x0000000797580000,0x0000000797580000,0x0000000797800000)
  to   space 5120K, 2% used [0x0000000796e00000,0x0000000796e20000,0x0000000797300000)
 ParOldGen       total 105984K, used 41258K [0x00000006c0c00000, 0x00000006c7380000, 0x000000076af00000)
  object space 105984K, 38% used [0x00000006c0c00000,0x00000006c344a9b0,0x00000006c7380000)
 Metaspace       used 24827K, capacity 26018K, committed 26108K, reserved 1071104K
  class space    used 3292K, capacity 3533K, committed 3584K, reserved 1048576K
GC Heap History (10 events):
Event: 489.308 GC heap before
{Heap before GC invocations=348 (full 1):
 PSYoungGen      total 381952K, used 381728K [0x000000076af00000, 0x0000000797d00000, 0x00000007c0000000)
  eden space 378368K, 100% used [0x000000076af00000,0x0000000782080000,0x0000000782080000)
  from space 3584K, 93% used [0x0000000797980000,0x0000000797cc8000,0x0000000797d00000)
  to   space 4608K, 0% used [0x0000000797400000,0x0000000797400000,0x0000000797880000)
 ParOldGen       total 105984K, used 100466K [0x00000006c0c00000, 0x00000006c7380000, 0x000000076af00000)
  object space 105984K, 94% used [0x00000006c0c00000,0x00000006c6e1c828,0x00000006c7380000)
 Metaspace       used 24827K, capacity 26018K, committed 26108K, reserved 1071104K
  class space    used 3292K, capacity 3533K, committed 3584K, reserved 1048576K
Event: 489.314 GC heap after
Heap after GC invocations=348 (full 1):
 PSYoungGen      total 367104K, used 3296K [0x000000076af00000, 0x0000000797a00000, 0x00000007c0000000)
  eden space 363520K, 0% used [0x000000076af00000,0x000000076af00000,0x0000000781200000)
  from space 3584K, 91% used [0x0000000797400000,0x0000000797738000,0x0000000797780000)
  to   space 2560K, 0% used [0x0000000797780000,0x0000000797780000,0x0000000797a00000)
 ParOldGen       total 105984K, used 100466K [0x00000006c0c00000, 0x00000006c7380000, 0x000000076af00000)
  object space 105984K, 94% used [0x00000006c0c00000,0x00000006c6e1c828,0x00000006c7380000)
 Metaspace       used 24827K, capacity 26018K, committed 26108K, reserved 1071104K
  class space    used 3292K, capacity 3533K, committed 3584K, reserved 1048576K
}
Event: 490.240 GC heap before
{Heap before GC invocations=349 (full 1):
 PSYoungGen      total 367104K, used 366816K [0x000000076af00000, 0x0000000797a00000, 0x00000007c0000000)
  eden space 363520K, 100% used [0x000000076af00000,0x0000000781200000,0x0000000781200000)
  from space 3584K, 91% used [0x0000000797400000,0x0000000797738000,0x0000000797780000)
  to   space 2560K, 0% used [0x0000000797780000,0x0000000797780000,0x0000000797a00000)
 ParOldGen       total 105984K, used 100466K [0x00000006c0c00000, 0x00000006c7380000, 0x000000076af00000)
  object space 105984K, 94% used [0x00000006c0c00000,0x00000006c6e1c828,0x00000006c7380000)
 Metaspace       used 24827K, capacity 26018K, committed 26108K, reserved 1071104K
  class space    used 3292K, capacity 3533K, committed 3584K, reserved 1048576K
Event: 490.250 GC heap after
Heap after GC invocations=349 (full 1):
 PSYoungGen      total 351744K, used 2560K [0x000000076af00000, 0x0000000797a00000, 0x00000007c0000000)
  eden space 349184K, 0% used [0x000000076af00000,0x000000076af00000,0x0000000780400000)
  from space 2560K, 100% used [0x0000000797780000,0x0000000797a00000,0x0000000797a00000)
  to   space 4608K, 0% used [0x0000000797100000,0x0000000797100000,0x0000000797580000)
 ParOldGen       total 105984K, used 101850K [0x00000006c0c00000, 0x00000006c7380000, 0x000000076af00000)
  object space 105984K, 96% used [0x00000006c0c00000,0x00000006c6f76828,0x00000006c7380000)
 Metaspace       used 24827K, capacity 26018K, committed 26108K, reserved 1071104K
  class space    used 3292K, capacity 3533K, committed 3584K, reserved 1048576K
}
Event: 496.604 GC heap before
{Heap before GC invocations=350 (full 1):
 PSYoungGen      total 351744K, used 351744K [0x000000076af00000, 0x0000000797a00000, 0x00000007c0000000)
  eden space 349184K, 100% used [0x000000076af00000,0x0000000780400000,0x0000000780400000)
  from space 2560K, 100% used [0x0000000797780000,0x0000000797a00000,0x0000000797a00000)
  to   space 4608K, 0% used [0x0000000797100000,0x0000000797100000,0x0000000797580000)
 ParOldGen       total 105984K, used 101850K [0x00000006c0c00000, 0x00000006c7380000, 0x000000076af00000)
  object space 105984K, 96% used [0x00000006c0c00000,0x00000006c6f76828,0x00000006c7380000)
 Metaspace       used 24827K, capacity 26018K, committed 26108K, reserved 1071104K
  class space    used 3292K, capacity 3533K, committed 3584K, reserved 1048576K
Event: 496.608 GC heap after
Heap after GC invocations=350 (full 1):
 PSYoungGen      total 340480K, used 4512K [0x000000076af00000, 0x0000000797800000, 0x00000007c0000000)
  eden space 335872K, 0% used [0x000000076af00000,0x000000076af00000,0x000000077f700000)
  from space 4608K, 97% used [0x0000000797100000,0x0000000797568000,0x0000000797580000)
  to   space 2560K, 0% used [0x0000000797580000,0x0000000797580000,0x0000000797800000)
 ParOldGen       total 105984K, used 101986K [0x00000006c0c00000, 0x00000006c7380000, 0x000000076af00000)
  object space 105984K, 96% used [0x00000006c0c00000,0x00000006c6f98828,0x00000006c7380000)
 Metaspace       used 24827K, capacity 26018K, committed 26108K, reserved 1071104K
  class space    used 3292K, capacity 3533K, committed 3584K, reserved 1048576K
}
Event: 497.208 GC heap before
{Heap before GC invocations=351 (full 1):
 PSYoungGen      total 340480K, used 340384K [0x000000076af00000, 0x0000000797800000, 0x00000007c0000000)
  eden space 335872K, 100% used [0x000000076af00000,0x000000077f700000,0x000000077f700000)
  from space 4608K, 97% used [0x0000000797100000,0x0000000797568000,0x0000000797580000)
  to   space 2560K, 0% used [0x0000000797580000,0x0000000797580000,0x0000000797800000)
 ParOldGen       total 105984K, used 101986K [0x00000006c0c00000, 0x00000006c7380000, 0x000000076af00000)
  object space 105984K, 96% used [0x00000006c0c00000,0x00000006c6f98828,0x00000006c7380000)
 Metaspace       used 24827K, capacity 26018K, committed 26108K, reserved 1071104K
  class space    used 3292K, capacity 3533K, committed 3584K, reserved 1048576K
Event: 497.225 GC heap after
Heap after GC invocations=351 (full 1):
 PSYoungGen      total 369664K, used 2560K [0x000000076af00000, 0x0000000797800000, 0x00000007c0000000)
  eden space 367104K, 0% used [0x000000076af00000,0x000000076af00000,0x0000000781580000)
  from space 2560K, 100% used [0x0000000797580000,0x0000000797800000,0x0000000797800000)
  to   space 5120K, 0% used [0x0000000796e00000,0x0000000796e00000,0x0000000797300000)
 ParOldGen       total 105984K, used 103922K [0x00000006c0c00000, 0x00000006c7380000, 0x000000076af00000)
  object space 105984K, 98% used [0x00000006c0c00000,0x00000006c717c828,0x00000006c7380000)
 Metaspace       used 24827K, capacity 26018K, committed 26108K, reserved 1071104K
  class space    used 3292K, capacity 3533K, committed 3584K, reserved 1048576K
}
Event: 497.225 GC heap before
{Heap before GC invocations=352 (full 2):
 PSYoungGen      total 369664K, used 2560K [0x000000076af00000, 0x0000000797800000, 0x00000007c0000000)
  eden space 367104K, 0% used [0x000000076af00000,0x000000076af00000,0x0000000781580000)
  from space 2560K, 100% used [0x0000000797580000,0x0000000797800000,0x0000000797800000)
  to   space 5120K, 0% used [0x0000000796e00000,0x0000000796e00000,0x0000000797300000)
 ParOldGen       total 105984K, used 103922K [0x00000006c0c00000, 0x00000006c7380000, 0x000000076af00000)
  object space 105984K, 98% used [0x00000006c0c00000,0x00000006c717c828,0x00000006c7380000)
 Metaspace       used 24827K, capacity 26018K, committed 26108K, reserved 1071104K
  class space    used 3292K, capacity 3533K, committed 3584K, reserved 1048576K
Event: 497.599 GC heap after
Heap after GC invocations=352 (full 2):
 PSYoungGen      total 369664K, used 0K [0x000000076af00000, 0x0000000797800000, 0x00000007c0000000)
  eden space 367104K, 0% used [0x000000076af00000,0x000000076af00000,0x0000000781580000)
  from space 2560K, 0% used [0x0000000797580000,0x0000000797580000,0x0000000797800000)
  to   space 5120K, 0% used [0x0000000796e00000,0x0000000796e00000,0x0000000797300000)
 ParOldGen       total 105984K, used 41258K [0x00000006c0c00000, 0x00000006c7380000, 0x000000076af00000)
  object space 105984K, 38% used [0x00000006c0c00000,0x00000006c344a9b0,0x00000006c7380000)
 Metaspace       used 24827K, capacity 26018K, committed 26108K, reserved 1071104K
  class space    used 3292K, capacity 3533K, committed 3584K, reserved 1048576K
}

