# JRE version: Java(TM) SE Runtime Environment (8.0_71-b15) (build 1.8.0_71-b15)
# Java VM: Java HotSpot(TM) 64-Bit Server VM (25.71-b15 mixed mode windows-amd64 compressed oops)
Heap:
 PSYoungGen      total 1358336K, used 581224K [0x000000076af00000, 0x00000007c0000000, 0x00000007c0000000)
  eden space 1331200K, 41% used [0x000000076af00000,0x000000078cc284b0,0x00000007bc300000)
  from space 27136K, 99% used [0x00000007bc300000,0x00000007bdd71e08,0x00000007bdd80000)
  to   space 32256K, 0% used [0x00000007be080000,0x00000007be080000,0x00000007c0000000)
 ParOldGen       total 225280K, used 141070K [0x00000006c0c00000, 0x00000006ce800000, 0x000000076af00000)
  object space 225280K, 62% used [0x00000006c0c00000,0x00000006c95c3890,0x00000006ce800000)
 Metaspace       used 23415K, capacity 24520K, committed 24704K, reserved 1071104K
  class space    used 3137K, capacity 3364K, committed 3456K, reserved 1048576K
GC Heap History (10 events):
Event: 1206.471 GC heap before
{Heap before GC invocations=1055 (full 2):
 PSYoungGen      total 1370112K, used 1366208K [0x000000076af00000, 0x00000007c0000000, 0x00000007c0000000)
  eden space 1346560K, 100% used [0x000000076af00000,0x00000007bd200000,0x00000007bd200000)
  from space 23552K, 83% used [0x00000007be900000,0x00000007bfc300f0,0x00000007c0000000)
  to   space 23552K, 0% used [0x00000007bd200000,0x00000007bd200000,0x00000007be900000)
 ParOldGen       total 225280K, used 124580K [0x00000006c0c00000, 0x00000006ce800000, 0x000000076af00000)
  object space 225280K, 55% used [0x00000006c0c00000,0x00000006c85a9030,0x00000006ce800000)
 Metaspace       used 23414K, capacity 24520K, committed 24704K, reserved 1071104K
  class space    used 3137K, capacity 3364K, committed 3456K, reserved 1048576K
Event: 1206.495 GC heap after
Heap after GC invocations=1055 (full 2):
 PSYoungGen      total 1370112K, used 23520K [0x000000076af00000, 0x00000007c0000000, 0x00000007c0000000)
  eden space 1346560K, 0% used [0x000000076af00000,0x000000076af00000,0x00000007bd200000)
  from space 23552K, 99% used [0x00000007bd200000,0x00000007be8f80f0,0x00000007be900000)
  to   space 23552K, 0% used [0x00000007be900000,0x00000007be900000,0x00000007c0000000)
 ParOldGen       total 225280K, used 131460K [0x00000006c0c00000, 0x00000006ce800000, 0x000000076af00000)
  object space 225280K, 58% used [0x00000006c0c00000,0x00000006c8c61178,0x00000006ce800000)
 Metaspace       used 23414K, capacity 24520K, committed 24704K, reserved 1071104K
  class space    used 3137K, capacity 3364K, committed 3456K, reserved 1048576K
}
Event: 1216.728 GC heap before
{Heap before GC invocations=1056 (full 2):
 PSYoungGen      total 1370112K, used 1370080K [0x000000076af00000, 0x00000007c0000000, 0x00000007c0000000)
  eden space 1346560K, 100% used [0x000000076af00000,0x00000007bd200000,0x00000007bd200000)
  from space 23552K, 99% used [0x00000007bd200000,0x00000007be8f80f0,0x00000007be900000)
  to   space 23552K, 0% used [0x00000007be900000,0x00000007be900000,0x00000007c0000000)
 ParOldGen       total 225280K, used 131460K [0x00000006c0c00000, 0x00000006ce800000, 0x000000076af00000)
  object space 225280K, 58% used [0x00000006c0c00000,0x00000006c8c61178,0x00000006ce800000)
 Metaspace       used 23414K, capacity 24520K, committed 24704K, reserved 1071104K
  class space    used 3137K, capacity 3364K, committed 3456K, reserved 1048576K
Event: 1216.745 GC heap after
Heap after GC invocations=1056 (full 2):
 PSYoungGen      total 1362944K, used 20903K [0x000000076af00000, 0x00000007c0000000, 0x00000007c0000000)
  eden space 1339392K, 0% used [0x000000076af00000,0x000000076af00000,0x00000007bcb00000)
  from space 23552K, 88% used [0x00000007be900000,0x00000007bfd69d78,0x00000007c0000000)
  to   space 27136K, 0% used [0x00000007bcb00000,0x00000007bcb00000,0x00000007be580000)
 ParOldGen       total 225280K, used 134497K [0x00000006c0c00000, 0x00000006ce800000, 0x000000076af00000)
  object space 225280K, 59% used [0x00000006c0c00000,0x00000006c8f587f8,0x00000006ce800000)
 Metaspace       used 23414K, capacity 24520K, committed 24704K, reserved 1071104K
  class space    used 3137K, capacity 3364K, committed 3456K, reserved 1048576K
}
Event: 1226.492 GC heap before
{Heap before GC invocations=1057 (full 2):
 PSYoungGen      total 1362944K, used 1360295K [0x000000076af00000, 0x00000007c0000000, 0x00000007c0000000)
  eden space 1339392K, 100% used [0x000000076af00000,0x00000007bcb00000,0x00000007bcb00000)
  from space 23552K, 88% used [0x00000007be900000,0x00000007bfd69d78,0x00000007c0000000)
  to   space 27136K, 0% used [0x00000007bcb00000,0x00000007bcb00000,0x00000007be580000)
 ParOldGen       total 225280K, used 134497K [0x00000006c0c00000, 0x00000006ce800000, 0x000000076af00000)
  object space 225280K, 59% used [0x00000006c0c00000,0x00000006c8f587f8,0x00000006ce800000)
 Metaspace       used 23414K, capacity 24520K, committed 24704K, reserved 1071104K
  class space    used 3137K, capacity 3364K, committed 3456K, reserved 1048576K
Event: 1226.516 GC heap after
Heap after GC invocations=1057 (full 2):
 PSYoungGen      total 1366528K, used 27127K [0x000000076af00000, 0x00000007c0000000, 0x00000007c0000000)
  eden space 1339392K, 0% used [0x000000076af00000,0x000000076af00000,0x00000007bcb00000)
  from space 27136K, 99% used [0x00000007bcb00000,0x00000007be57dd88,0x00000007be580000)
  to   space 27136K, 0% used [0x00000007be580000,0x00000007be580000,0x00000007c0000000)
 ParOldGen       total 225280K, used 139274K [0x00000006c0c00000, 0x00000006ce800000, 0x000000076af00000)
  object space 225280K, 61% used [0x00000006c0c00000,0x00000006c9402818,0x00000006ce800000)
 Metaspace       used 23414K, capacity 24520K, committed 24704K, reserved 1071104K
  class space    used 3137K, capacity 3364K, committed 3456K, reserved 1048576K
}
Event: 1235.483 GC heap before
{Heap before GC invocations=1058 (full 2):
 PSYoungGen      total 1366528K, used 1366519K [0x000000076af00000, 0x00000007c0000000, 0x00000007c0000000)
  eden space 1339392K, 100% used [0x000000076af00000,0x00000007bcb00000,0x00000007bcb00000)
  from space 27136K, 99% used [0x00000007bcb00000,0x00000007be57dd88,0x00000007be580000)
  to   space 27136K, 0% used [0x00000007be580000,0x00000007be580000,0x00000007c0000000)
 ParOldGen       total 225280K, used 139276K [0x00000006c0c00000, 0x00000006ce800000, 0x000000076af00000)
  object space 225280K, 61% used [0x00000006c0c00000,0x00000006c9403150,0x00000006ce800000)
 Metaspace       used 23414K, capacity 24520K, committed 24704K, reserved 1071104K
  class space    used 3137K, capacity 3364K, committed 3456K, reserved 1048576K
Event: 1235.505 GC heap after
Heap after GC invocations=1058 (full 2):
 PSYoungGen      total 1358336K, used 24551K [0x000000076af00000, 0x00000007c0000000, 0x00000007c0000000)
  eden space 1331200K, 0% used [0x000000076af00000,0x000000076af00000,0x00000007bc300000)
  from space 27136K, 90% used [0x00000007be580000,0x00000007bfd79d98,0x00000007c0000000)
  to   space 31232K, 0% used [0x00000007bc300000,0x00000007bc300000,0x00000007be180000)
 ParOldGen       total 225280K, used 141068K [0x00000006c0c00000, 0x00000006ce800000, 0x000000076af00000)
  object space 225280K, 62% used [0x00000006c0c00000,0x00000006c95c3150,0x00000006ce800000)
 Metaspace       used 23414K, capacity 24520K, committed 24704K, reserved 1071104K
  class space    used 3137K, capacity 3364K, committed 3456K, reserved 1048576K
}
Event: 1244.818 GC heap before
{Heap before GC invocations=1059 (full 2):
 PSYoungGen      total 1358336K, used 1355751K [0x000000076af00000, 0x00000007c0000000, 0x00000007c0000000)
  eden space 1331200K, 100% used [0x000000076af00000,0x00000007bc300000,0x00000007bc300000)
  from space 27136K, 90% used [0x00000007be580000,0x00000007bfd79d98,0x00000007c0000000)
  to   space 31232K, 0% used [0x00000007bc300000,0x00000007bc300000,0x00000007be180000)
 ParOldGen       total 225280K, used 141070K [0x00000006c0c00000, 0x00000006ce800000, 0x000000076af00000)
  object space 225280K, 62% used [0x00000006c0c00000,0x00000006c95c3890,0x00000006ce800000)
 Metaspace       used 23415K, capacity 24520K, committed 24704K, reserved 1071104K
  class space    used 3137K, capacity 3364K, committed 3456K, reserved 1048576K
Event: 1244.834 GC heap after
Heap after GC invocations=1059 (full 2):
 PSYoungGen      total 1358336K, used 27079K [0x000000076af00000, 0x00000007c0000000, 0x00000007c0000000)
  eden space 1331200K, 0% used [0x000000076af00000,0x000000076af00000,0x00000007bc300000)
  from space 27136K, 99% used [0x00000007bc300000,0x00000007bdd71e08,0x00000007bdd80000)
  to   space 32256K, 0% used [0x00000007be080000,0x00000007be080000,0x00000007c0000000)
 ParOldGen       total 225280K, used 141070K [0x00000006c0c00000, 0x00000006ce800000, 0x000000076af00000)
  object space 225280K, 62% used [0x00000006c0c00000,0x00000006c95c3890,0x00000006ce800000)
 Metaspace       used 23415K, capacity 24520K, committed 24704K, reserved 1071104K
  class space    used 3137K, capacity 3364K, committed 3456K, reserved 1048576K
}

