# JRE version: Java(TM) SE Runtime Environment (8.0_71-b15) (build 1.8.0_71-b15)
# Java VM: Java HotSpot(TM) 64-Bit Server VM (25.71-b15 mixed mode windows-amd64 compressed oops)
Heap:
 PSYoungGen      total 896000K, used 322905K [0x000000076af00000, 0x00000007a9c80000, 0x00000007c0000000)
  eden space 884736K, 35% used [0x000000076af00000,0x000000077df6ed88,0x00000007a0f00000)
  from space 11264K, 99% used [0x00000007a8400000,0x00000007a8ee79b8,0x00000007a8f00000)
  to   space 13824K, 0% used [0x00000007a8f00000,0x00000007a8f00000,0x00000007a9c80000)
 ParOldGen       total 91136K, used 29824K [0x00000006c0c00000, 0x00000006c6500000, 0x000000076af00000)
  object space 91136K, 32% used [0x00000006c0c00000,0x00000006c2920220,0x00000006c6500000)
 Metaspace       used 25255K, capacity 26468K, committed 26620K, reserved 1073152K
  class space    used 3301K, capacity 3546K, committed 3584K, reserved 1048576K
GC Heap History (10 events):
Event: 54.266 GC heap before
{Heap before GC invocations=18 (full 1):
 PSYoungGen      total 965120K, used 965113K [0x000000076af00000, 0x00000007a7c00000, 0x00000007c0000000)
  eden space 960000K, 100% used [0x000000076af00000,0x00000007a5880000,0x00000007a5880000)
  from space 5120K, 99% used [0x00000007a7700000,0x00000007a7bfe7d0,0x00000007a7c00000)
  to   space 15872K, 0% used [0x00000007a5d00000,0x00000007a5d00000,0x00000007a6c80000)
 ParOldGen       total 91136K, used 29800K [0x00000006c0c00000, 0x00000006c6500000, 0x000000076af00000)
  object space 91136K, 32% used [0x00000006c0c00000,0x00000006c291a220,0x00000006c6500000)
 Metaspace       used 24979K, capacity 26208K, committed 26364K, reserved 1073152K
  class space    used 3301K, capacity 3546K, committed 3584K, reserved 1048576K
Event: 54.272 GC heap after
Heap after GC invocations=18 (full 1):
 PSYoungGen      total 980480K, used 9970K [0x000000076af00000, 0x00000007ab880000, 0x00000007c0000000)
  eden space 964608K, 0% used [0x000000076af00000,0x000000076af00000,0x00000007a5d00000)
  from space 15872K, 62% used [0x00000007a5d00000,0x00000007a66bcb28,0x00000007a6c80000)
  to   space 16384K, 0% used [0x00000007aa880000,0x00000007aa880000,0x00000007ab880000)
 ParOldGen       total 91136K, used 29808K [0x00000006c0c00000, 0x00000006c6500000, 0x000000076af00000)
  object space 91136K, 32% used [0x00000006c0c00000,0x00000006c291c220,0x00000006c6500000)
 Metaspace       used 24979K, capacity 26208K, committed 26364K, reserved 1073152K
  class space    used 3301K, capacity 3546K, committed 3584K, reserved 1048576K
}
Event: 59.593 GC heap before
{Heap before GC invocations=19 (full 1):
 PSYoungGen      total 980480K, used 974578K [0x000000076af00000, 0x00000007ab880000, 0x00000007c0000000)
  eden space 964608K, 100% used [0x000000076af00000,0x00000007a5d00000,0x00000007a5d00000)
  from space 15872K, 62% used [0x00000007a5d00000,0x00000007a66bcb28,0x00000007a6c80000)
  to   space 16384K, 0% used [0x00000007aa880000,0x00000007aa880000,0x00000007ab880000)
 ParOldGen       total 91136K, used 29808K [0x00000006c0c00000, 0x00000006c6500000, 0x000000076af00000)
  object space 91136K, 32% used [0x00000006c0c00000,0x00000006c291c220,0x00000006c6500000)
 Metaspace       used 25033K, capacity 26272K, committed 26364K, reserved 1073152K
  class space    used 3301K, capacity 3546K, committed 3584K, reserved 1048576K
Event: 59.597 GC heap after
Heap after GC invocations=19 (full 1):
 PSYoungGen      total 1029632K, used 9721K [0x000000076af00000, 0x00000007ab300000, 0x00000007c0000000)
  eden space 1018880K, 0% used [0x000000076af00000,0x000000076af00000,0x00000007a9200000)
  from space 10752K, 90% used [0x00000007aa880000,0x00000007ab1fe6d8,0x00000007ab300000)
  to   space 16896K, 0% used [0x00000007a9200000,0x00000007a9200000,0x00000007aa280000)
 ParOldGen       total 91136K, used 29808K [0x00000006c0c00000, 0x00000006c6500000, 0x000000076af00000)
  object space 91136K, 32% used [0x00000006c0c00000,0x00000006c291c220,0x00000006c6500000)
 Metaspace       used 25033K, capacity 26272K, committed 26364K, reserved 1073152K
  class space    used 3301K, capacity 3546K, committed 3584K, reserved 1048576K
}
Event: 66.254 GC heap before
{Heap before GC invocations=20 (full 1):
 PSYoungGen      total 1029632K, used 1028601K [0x000000076af00000, 0x00000007ab300000, 0x00000007c0000000)
  eden space 1018880K, 100% used [0x000000076af00000,0x00000007a9200000,0x00000007a9200000)
  from space 10752K, 90% used [0x00000007aa880000,0x00000007ab1fe6d8,0x00000007ab300000)
  to   space 16896K, 0% used [0x00000007a9200000,0x00000007a9200000,0x00000007aa280000)
 ParOldGen       total 91136K, used 29808K [0x00000006c0c00000, 0x00000006c6500000, 0x000000076af00000)
  object space 91136K, 32% used [0x00000006c0c00000,0x00000006c291c220,0x00000006c6500000)
 Metaspace       used 25052K, capacity 26272K, committed 26364K, reserved 1073152K
  class space    used 3301K, capacity 3546K, committed 3584K, reserved 1048576K
Event: 66.260 GC heap after
Heap after GC invocations=20 (full 1):
 PSYoungGen      total 982016K, used 9765K [0x000000076af00000, 0x00000007aa900000, 0x00000007c0000000)
  eden space 971776K, 0% used [0x000000076af00000,0x000000076af00000,0x00000007a6400000)
  from space 10240K, 95% used [0x00000007a9200000,0x00000007a9b89428,0x00000007a9c00000)
  to   space 13312K, 0% used [0x00000007a9c00000,0x00000007a9c00000,0x00000007aa900000)
 ParOldGen       total 91136K, used 29808K [0x00000006c0c00000, 0x00000006c6500000, 0x000000076af00000)
  object space 91136K, 32% used [0x00000006c0c00000,0x00000006c291c220,0x00000006c6500000)
 Metaspace       used 25052K, capacity 26272K, committed 26364K, reserved 1073152K
  class space    used 3301K, capacity 3546K, committed 3584K, reserved 1048576K
}
Event: 73.670 GC heap before
{Heap before GC invocations=21 (full 1):
 PSYoungGen      total 982016K, used 981541K [0x000000076af00000, 0x00000007aa900000, 0x00000007c0000000)
  eden space 971776K, 100% used [0x000000076af00000,0x00000007a6400000,0x00000007a6400000)
  from space 10240K, 95% used [0x00000007a9200000,0x00000007a9b89428,0x00000007a9c00000)
  to   space 13312K, 0% used [0x00000007a9c00000,0x00000007a9c00000,0x00000007aa900000)
 ParOldGen       total 91136K, used 29808K [0x00000006c0c00000, 0x00000006c6500000, 0x000000076af00000)
  object space 91136K, 32% used [0x00000006c0c00000,0x00000006c291c220,0x00000006c6500000)
 Metaspace       used 25063K, capacity 26272K, committed 26364K, reserved 1073152K
  class space    used 3301K, capacity 3546K, committed 3584K, reserved 1048576K
Event: 73.674 GC heap after
Heap after GC invocations=21 (full 1):
 PSYoungGen      total 936448K, used 8927K [0x000000076af00000, 0x00000007aa500000, 0x00000007c0000000)
  eden space 927232K, 0% used [0x000000076af00000,0x000000076af00000,0x00000007a3880000)
  from space 9216K, 96% used [0x00000007a9c00000,0x00000007aa4b7e98,0x00000007aa500000)
  to   space 16896K, 0% used [0x00000007a8400000,0x00000007a8400000,0x00000007a9480000)
 ParOldGen       total 91136K, used 29816K [0x00000006c0c00000, 0x00000006c6500000, 0x000000076af00000)
  object space 91136K, 32% used [0x00000006c0c00000,0x00000006c291e220,0x00000006c6500000)
 Metaspace       used 25063K, capacity 26272K, committed 26364K, reserved 1073152K
  class space    used 3301K, capacity 3546K, committed 3584K, reserved 1048576K
}
Event: 80.468 GC heap before
{Heap before GC invocations=22 (full 1):
 PSYoungGen      total 936448K, used 936159K [0x000000076af00000, 0x00000007aa500000, 0x00000007c0000000)
  eden space 927232K, 100% used [0x000000076af00000,0x00000007a3880000,0x00000007a3880000)
  from space 9216K, 96% used [0x00000007a9c00000,0x00000007aa4b7e98,0x00000007aa500000)
  to   space 16896K, 0% used [0x00000007a8400000,0x00000007a8400000,0x00000007a9480000)
 ParOldGen       total 91136K, used 29816K [0x00000006c0c00000, 0x00000006c6500000, 0x000000076af00000)
  object space 91136K, 32% used [0x00000006c0c00000,0x00000006c291e220,0x00000006c6500000)
 Metaspace       used 25169K, capacity 26340K, committed 26620K, reserved 1073152K
  class space    used 3301K, capacity 3546K, committed 3584K, reserved 1048576K
Event: 80.475 GC heap after
Heap after GC invocations=22 (full 1):
 PSYoungGen      total 896000K, used 11166K [0x000000076af00000, 0x00000007a9c80000, 0x00000007c0000000)
  eden space 884736K, 0% used [0x000000076af00000,0x000000076af00000,0x00000007a0f00000)
  from space 11264K, 99% used [0x00000007a8400000,0x00000007a8ee79b8,0x00000007a8f00000)
  to   space 13824K, 0% used [0x00000007a8f00000,0x00000007a8f00000,0x00000007a9c80000)
 ParOldGen       total 91136K, used 29824K [0x00000006c0c00000, 0x00000006c6500000, 0x000000076af00000)
  object space 91136K, 32% used [0x00000006c0c00000,0x00000006c2920220,0x00000006c6500000)
 Metaspace       used 25169K, capacity 26340K, committed 26620K, reserved 1073152K
  class space    used 3301K, capacity 3546K, committed 3584K, reserved 1048576K
}

