# JRE version: Java(TM) SE Runtime Environment (8.0_71-b15) (build 1.8.0_71-b15)
# Java VM: Java HotSpot(TM) 64-Bit Server VM (25.71-b15 mixed mode windows-amd64 compressed oops)
Heap:
 PSYoungGen      total 206336K, used 16395K [0x000000076af00000, 0x0000000778a00000, 0x00000007c0000000)
  eden space 194560K, 7% used [0x000000076af00000,0x000000076bc62ce8,0x0000000776d00000)
  from space 11776K, 22% used [0x0000000777e80000,0x0000000778120000,0x0000000778a00000)
  to   space 14848K, 0% used [0x0000000776d00000,0x0000000776d00000,0x0000000777b80000)
 ParOldGen       total 87040K, used 21100K [0x00000006c0c00000, 0x00000006c6100000, 0x000000076af00000)
  object space 87040K, 24% used [0x00000006c0c00000,0x00000006c209b130,0x00000006c6100000)
 Metaspace       used 23195K, capacity 24230K, committed 24320K, reserved 1071104K
  class space    used 2992K, capacity 3243K, committed 3328K, reserved 1048576K
GC Heap History (10 events):
Event: 3.648 GC heap before
{Heap before GC invocations=7 (full 1):
 PSYoungGen      total 141824K, used 10738K [0x000000076af00000, 0x0000000774400000, 0x00000007c0000000)
  eden space 131072K, 0% used [0x000000076af00000,0x000000076af00000,0x0000000772f00000)
  from space 10752K, 99% used [0x0000000773980000,0x00000007743fcb40,0x0000000774400000)
  to   space 10752K, 0% used [0x0000000772f00000,0x0000000772f00000,0x0000000773980000)
 ParOldGen       total 175104K, used 4345K [0x00000006c0c00000, 0x00000006cb700000, 0x000000076af00000)
  object space 175104K, 2% used [0x00000006c0c00000,0x00000006c103e440,0x00000006cb700000)
 Metaspace       used 20364K, capacity 21254K, committed 21296K, reserved 1067008K
  class space    used 2678K, capacity 2939K, committed 2944K, reserved 1048576K
Event: 3.673 GC heap after
Heap after GC invocations=7 (full 1):
 PSYoungGen      total 141824K, used 0K [0x000000076af00000, 0x0000000774400000, 0x00000007c0000000)
  eden space 131072K, 0% used [0x000000076af00000,0x000000076af00000,0x0000000772f00000)
  from space 10752K, 0% used [0x0000000773980000,0x0000000773980000,0x0000000774400000)
  to   space 10752K, 0% used [0x0000000772f00000,0x0000000772f00000,0x0000000773980000)
 ParOldGen       total 87040K, used 14061K [0x00000006c0c00000, 0x00000006c6100000, 0x000000076af00000)
  object space 87040K, 16% used [0x00000006c0c00000,0x00000006c19bb668,0x00000006c6100000)
 Metaspace       used 20364K, capacity 21254K, committed 21296K, reserved 1067008K
  class space    used 2678K, capacity 2939K, committed 2944K, reserved 1048576K
}
Event: 7.336 GC heap before
{Heap before GC invocations=8 (full 1):
 PSYoungGen      total 141824K, used 131072K [0x000000076af00000, 0x0000000774400000, 0x00000007c0000000)
  eden space 131072K, 100% used [0x000000076af00000,0x0000000772f00000,0x0000000772f00000)
  from space 10752K, 0% used [0x0000000773980000,0x0000000773980000,0x0000000774400000)
  to   space 10752K, 0% used [0x0000000772f00000,0x0000000772f00000,0x0000000773980000)
 ParOldGen       total 87040K, used 14061K [0x00000006c0c00000, 0x00000006c6100000, 0x000000076af00000)
  object space 87040K, 16% used [0x00000006c0c00000,0x00000006c19bb668,0x00000006c6100000)
 Metaspace       used 22713K, capacity 23680K, committed 23808K, reserved 1069056K
  class space    used 2974K, capacity 3218K, committed 3328K, reserved 1048576K
Event: 7.338 GC heap after
Heap after GC invocations=8 (full 1):
 PSYoungGen      total 141824K, used 5376K [0x000000076af00000, 0x0000000774400000, 0x00000007c0000000)
  eden space 131072K, 0% used [0x000000076af00000,0x000000076af00000,0x0000000772f00000)
  from space 10752K, 50% used [0x0000000772f00000,0x0000000773440060,0x0000000773980000)
  to   space 10752K, 0% used [0x0000000773980000,0x0000000773980000,0x0000000774400000)
 ParOldGen       total 87040K, used 14069K [0x00000006c0c00000, 0x00000006c6100000, 0x000000076af00000)
  object space 87040K, 16% used [0x00000006c0c00000,0x00000006c19bd668,0x00000006c6100000)
 Metaspace       used 22713K, capacity 23680K, committed 23808K, reserved 1069056K
  class space    used 2974K, capacity 3218K, committed 3328K, reserved 1048576K
}
Event: 11.048 GC heap before
{Heap before GC invocations=9 (full 1):
 PSYoungGen      total 141824K, used 136448K [0x000000076af00000, 0x0000000774400000, 0x00000007c0000000)
  eden space 131072K, 100% used [0x000000076af00000,0x0000000772f00000,0x0000000772f00000)
  from space 10752K, 50% used [0x0000000772f00000,0x0000000773440060,0x0000000773980000)
  to   space 10752K, 0% used [0x0000000773980000,0x0000000773980000,0x0000000774400000)
 ParOldGen       total 87040K, used 14069K [0x00000006c0c00000, 0x00000006c6100000, 0x000000076af00000)
  object space 87040K, 16% used [0x00000006c0c00000,0x00000006c19bd668,0x00000006c6100000)
 Metaspace       used 22867K, capacity 23812K, committed 24064K, reserved 1071104K
  class space    used 2974K, capacity 3218K, committed 3328K, reserved 1048576K
Event: 11.050 GC heap after
Heap after GC invocations=9 (full 1):
 PSYoungGen      total 141824K, used 5601K [0x000000076af00000, 0x0000000774400000, 0x00000007c0000000)
  eden space 131072K, 0% used [0x000000076af00000,0x000000076af00000,0x0000000772f00000)
  from space 10752K, 52% used [0x0000000773980000,0x0000000773ef84c0,0x0000000774400000)
  to   space 10752K, 0% used [0x0000000772f00000,0x0000000772f00000,0x0000000773980000)
 ParOldGen       total 87040K, used 14077K [0x00000006c0c00000, 0x00000006c6100000, 0x000000076af00000)
  object space 87040K, 16% used [0x00000006c0c00000,0x00000006c19bf668,0x00000006c6100000)
 Metaspace       used 22867K, capacity 23812K, committed 24064K, reserved 1071104K
  class space    used 2974K, capacity 3218K, committed 3328K, reserved 1048576K
}
Event: 14.984 GC heap before
{Heap before GC invocations=10 (full 1):
 PSYoungGen      total 141824K, used 136673K [0x000000076af00000, 0x0000000774400000, 0x00000007c0000000)
  eden space 131072K, 100% used [0x000000076af00000,0x0000000772f00000,0x0000000772f00000)
  from space 10752K, 52% used [0x0000000773980000,0x0000000773ef84c0,0x0000000774400000)
  to   space 10752K, 0% used [0x0000000772f00000,0x0000000772f00000,0x0000000773980000)
 ParOldGen       total 87040K, used 14077K [0x00000006c0c00000, 0x00000006c6100000, 0x000000076af00000)
  object space 87040K, 16% used [0x00000006c0c00000,0x00000006c19bf6a8,0x00000006c6100000)
 Metaspace       used 22938K, capacity 23890K, committed 24064K, reserved 1071104K
  class space    used 2977K, capacity 3223K, committed 3328K, reserved 1048576K
Event: 14.986 GC heap after
Heap after GC invocations=10 (full 1):
 PSYoungGen      total 141824K, used 7681K [0x000000076af00000, 0x0000000778c80000, 0x00000007c0000000)
  eden space 131072K, 0% used [0x000000076af00000,0x000000076af00000,0x0000000772f00000)
  from space 10752K, 71% used [0x0000000772f00000,0x00000007736804d0,0x0000000773980000)
  to   space 14336K, 0% used [0x0000000777e80000,0x0000000777e80000,0x0000000778c80000)
 ParOldGen       total 87040K, used 14085K [0x00000006c0c00000, 0x00000006c6100000, 0x000000076af00000)
  object space 87040K, 16% used [0x00000006c0c00000,0x00000006c19c16a8,0x00000006c6100000)
 Metaspace       used 22938K, capacity 23890K, committed 24064K, reserved 1071104K
  class space    used 2977K, capacity 3223K, committed 3328K, reserved 1048576K
}
Event: 83.288 GC heap before
{Heap before GC invocations=11 (full 1):
 PSYoungGen      total 141824K, used 138753K [0x000000076af00000, 0x0000000778c80000, 0x00000007c0000000)
  eden space 131072K, 100% used [0x000000076af00000,0x0000000772f00000,0x0000000772f00000)
  from space 10752K, 71% used [0x0000000772f00000,0x00000007736804d0,0x0000000773980000)
  to   space 14336K, 0% used [0x0000000777e80000,0x0000000777e80000,0x0000000778c80000)
 ParOldGen       total 87040K, used 14104K [0x00000006c0c00000, 0x00000006c6100000, 0x000000076af00000)
  object space 87040K, 16% used [0x00000006c0c00000,0x00000006c19c60f0,0x00000006c6100000)
 Metaspace       used 23195K, capacity 24230K, committed 24320K, reserved 1071104K
  class space    used 2992K, capacity 3243K, committed 3328K, reserved 1048576K
Event: 83.298 GC heap after
Heap after GC invocations=11 (full 1):
 PSYoungGen      total 206336K, used 2688K [0x000000076af00000, 0x0000000778a00000, 0x00000007c0000000)
  eden space 194560K, 0% used [0x000000076af00000,0x000000076af00000,0x0000000776d00000)
  from space 11776K, 22% used [0x0000000777e80000,0x0000000778120000,0x0000000778a00000)
  to   space 14848K, 0% used [0x0000000776d00000,0x0000000776d00000,0x0000000777b80000)
 ParOldGen       total 87040K, used 21100K [0x00000006c0c00000, 0x00000006c6100000, 0x000000076af00000)
  object space 87040K, 24% used [0x00000006c0c00000,0x00000006c209b130,0x00000006c6100000)
 Metaspace       used 23195K, capacity 24230K, committed 24320K, reserved 1071104K
  class space    used 2992K, capacity 3243K, committed 3328K, reserved 1048576K
}

