# JRE version: Java(TM) SE Runtime Environment (8.0_71-b15) (build 1.8.0_71-b15)
# Java VM: Java HotSpot(TM) 64-Bit Server VM (25.71-b15 mixed mode windows-amd64 compressed oops)
Heap:
 PSYoungGen      total 225792K, used 184463K [0x000000076af00000, 0x000000077a500000, 0x00000007c0000000)
  eden space 214016K, 82% used [0x000000076af00000,0x0000000775b91548,0x0000000778000000)
  from space 11776K, 65% used [0x0000000779980000,0x000000077a1126e8,0x000000077a500000)
  to   space 18944K, 0% used [0x0000000778000000,0x0000000778000000,0x0000000779280000)
 ParOldGen       total 96256K, used 14889K [0x00000006c0c00000, 0x00000006c6a00000, 0x000000076af00000)
  object space 96256K, 15% used [0x00000006c0c00000,0x00000006c1a8a508,0x00000006c6a00000)
 Metaspace       used 24570K, capacity 25746K, committed 25984K, reserved 1071104K
  class space    used 3361K, capacity 3647K, committed 3712K, reserved 1048576K
GC Heap History (10 events):
Event: 1.455 GC heap before
{Heap before GC invocations=3 (full 1):
 PSYoungGen      total 76288K, used 10738K [0x000000076af00000, 0x0000000774400000, 0x00000007c0000000)
  eden space 65536K, 0% used [0x000000076af00000,0x000000076af00000,0x000000076ef00000)
  from space 10752K, 99% used [0x000000076f980000,0x00000007703fcbb0,0x0000000770400000)
  to   space 10752K, 0% used [0x000000076ef00000,0x000000076ef00000,0x000000076f980000)
 ParOldGen       total 175104K, used 6564K [0x00000006c0c00000, 0x00000006cb700000, 0x000000076af00000)
  object space 175104K, 3% used [0x00000006c0c00000,0x00000006c1269148,0x00000006cb700000)
 Metaspace       used 20195K, capacity 21126K, committed 21248K, reserved 1067008K
  class space    used 2977K, capacity 3207K, committed 3328K, reserved 1048576K
Event: 1.485 GC heap after
Heap after GC invocations=3 (full 1):
 PSYoungGen      total 76288K, used 0K [0x000000076af00000, 0x0000000774400000, 0x00000007c0000000)
  eden space 65536K, 0% used [0x000000076af00000,0x000000076af00000,0x000000076ef00000)
  from space 10752K, 0% used [0x000000076f980000,0x000000076f980000,0x0000000770400000)
  to   space 10752K, 0% used [0x000000076ef00000,0x000000076ef00000,0x000000076f980000)
 ParOldGen       total 96256K, used 14865K [0x00000006c0c00000, 0x00000006c6a00000, 0x000000076af00000)
  object space 96256K, 15% used [0x00000006c0c00000,0x00000006c1a84508,0x00000006c6a00000)
 Metaspace       used 20195K, capacity 21126K, committed 21248K, reserved 1067008K
  class space    used 2977K, capacity 3207K, committed 3328K, reserved 1048576K
}
Event: 1.864 GC heap before
{Heap before GC invocations=4 (full 1):
 PSYoungGen      total 76288K, used 65527K [0x000000076af00000, 0x0000000774400000, 0x00000007c0000000)
  eden space 65536K, 99% used [0x000000076af00000,0x000000076eefdff0,0x000000076ef00000)
  from space 10752K, 0% used [0x000000076f980000,0x000000076f980000,0x0000000770400000)
  to   space 10752K, 0% used [0x000000076ef00000,0x000000076ef00000,0x000000076f980000)
 ParOldGen       total 96256K, used 14865K [0x00000006c0c00000, 0x00000006c6a00000, 0x000000076af00000)
  object space 96256K, 15% used [0x00000006c0c00000,0x00000006c1a84508,0x00000006c6a00000)
 Metaspace       used 22421K, capacity 23454K, committed 23680K, reserved 1069056K
  class space    used 3205K, capacity 3443K, committed 3456K, reserved 1048576K
Event: 1.868 GC heap after
Heap after GC invocations=4 (full 1):
 PSYoungGen      total 76288K, used 2720K [0x000000076af00000, 0x0000000773a80000, 0x00000007c0000000)
  eden space 65536K, 0% used [0x000000076af00000,0x000000076af00000,0x000000076ef00000)
  from space 10752K, 25% used [0x000000076ef00000,0x000000076f1a8230,0x000000076f980000)
  to   space 10752K, 0% used [0x0000000773000000,0x0000000773000000,0x0000000773a80000)
 ParOldGen       total 96256K, used 14873K [0x00000006c0c00000, 0x00000006c6a00000, 0x000000076af00000)
  object space 96256K, 15% used [0x00000006c0c00000,0x00000006c1a86508,0x00000006c6a00000)
 Metaspace       used 22421K, capacity 23454K, committed 23680K, reserved 1069056K
  class space    used 3205K, capacity 3443K, committed 3456K, reserved 1048576K
}
Event: 1.884 GC heap before
{Heap before GC invocations=5 (full 1):
 PSYoungGen      total 76288K, used 68161K [0x000000076af00000, 0x0000000773a80000, 0x00000007c0000000)
  eden space 65536K, 99% used [0x000000076af00000,0x000000076eee8268,0x000000076ef00000)
  from space 10752K, 25% used [0x000000076ef00000,0x000000076f1a8230,0x000000076f980000)
  to   space 10752K, 0% used [0x0000000773000000,0x0000000773000000,0x0000000773a80000)
 ParOldGen       total 96256K, used 14873K [0x00000006c0c00000, 0x00000006c6a00000, 0x000000076af00000)
  object space 96256K, 15% used [0x00000006c0c00000,0x00000006c1a86508,0x00000006c6a00000)
 Metaspace       used 22435K, capacity 23454K, committed 23680K, reserved 1069056K
  class space    used 3205K, capacity 3443K, committed 3456K, reserved 1048576K
Event: 1.885 GC heap after
Heap after GC invocations=5 (full 1):
 PSYoungGen      total 131072K, used 1625K [0x000000076af00000, 0x0000000773a00000, 0x00000007c0000000)
  eden space 120832K, 0% used [0x000000076af00000,0x000000076af00000,0x0000000772500000)
  from space 10240K, 15% used [0x0000000773000000,0x00000007731966d8,0x0000000773a00000)
  to   space 10752K, 0% used [0x0000000772500000,0x0000000772500000,0x0000000772f80000)
 ParOldGen       total 96256K, used 14881K [0x00000006c0c00000, 0x00000006c6a00000, 0x000000076af00000)
  object space 96256K, 15% used [0x00000006c0c00000,0x00000006c1a88508,0x00000006c6a00000)
 Metaspace       used 22435K, capacity 23454K, committed 23680K, reserved 1069056K
  class space    used 3205K, capacity 3443K, committed 3456K, reserved 1048576K
}
Event: 1.915 GC heap before
{Heap before GC invocations=6 (full 1):
 PSYoungGen      total 131072K, used 122404K [0x000000076af00000, 0x0000000773a00000, 0x00000007c0000000)
  eden space 120832K, 99% used [0x000000076af00000,0x00000007724f2a90,0x0000000772500000)
  from space 10240K, 15% used [0x0000000773000000,0x00000007731966d8,0x0000000773a00000)
  to   space 10752K, 0% used [0x0000000772500000,0x0000000772500000,0x0000000772f80000)
 ParOldGen       total 96256K, used 14881K [0x00000006c0c00000, 0x00000006c6a00000, 0x000000076af00000)
  object space 96256K, 15% used [0x00000006c0c00000,0x00000006c1a88508,0x00000006c6a00000)
 Metaspace       used 22436K, capacity 23454K, committed 23680K, reserved 1069056K
  class space    used 3205K, capacity 3443K, committed 3456K, reserved 1048576K
Event: 1.917 GC heap after
Heap after GC invocations=6 (full 1):
 PSYoungGen      total 131584K, used 1692K [0x000000076af00000, 0x000000077ad80000, 0x00000007c0000000)
  eden space 120832K, 0% used [0x000000076af00000,0x000000076af00000,0x0000000772500000)
  from space 10752K, 15% used [0x0000000772500000,0x00000007726a70f8,0x0000000772f80000)
  to   space 20480K, 0% used [0x0000000779980000,0x0000000779980000,0x000000077ad80000)
 ParOldGen       total 96256K, used 14881K [0x00000006c0c00000, 0x00000006c6a00000, 0x000000076af00000)
  object space 96256K, 15% used [0x00000006c0c00000,0x00000006c1a88508,0x00000006c6a00000)
 Metaspace       used 22436K, capacity 23454K, committed 23680K, reserved 1069056K
  class space    used 3205K, capacity 3443K, committed 3456K, reserved 1048576K
}
Event: 3.195 GC heap before
{Heap before GC invocations=7 (full 1):
 PSYoungGen      total 131584K, used 122524K [0x000000076af00000, 0x000000077ad80000, 0x00000007c0000000)
  eden space 120832K, 100% used [0x000000076af00000,0x0000000772500000,0x0000000772500000)
  from space 10752K, 15% used [0x0000000772500000,0x00000007726a70f8,0x0000000772f80000)
  to   space 20480K, 0% used [0x0000000779980000,0x0000000779980000,0x000000077ad80000)
 ParOldGen       total 96256K, used 14881K [0x00000006c0c00000, 0x00000006c6a00000, 0x000000076af00000)
  object space 96256K, 15% used [0x00000006c0c00000,0x00000006c1a88508,0x00000006c6a00000)
 Metaspace       used 23803K, capacity 24916K, committed 25088K, reserved 1071104K
  class space    used 3314K, capacity 3546K, committed 3584K, reserved 1048576K
Event: 3.201 GC heap after
Heap after GC invocations=7 (full 1):
 PSYoungGen      total 225792K, used 7753K [0x000000076af00000, 0x000000077a500000, 0x00000007c0000000)
  eden space 214016K, 0% used [0x000000076af00000,0x000000076af00000,0x0000000778000000)
  from space 11776K, 65% used [0x0000000779980000,0x000000077a1126e8,0x000000077a500000)
  to   space 18944K, 0% used [0x0000000778000000,0x0000000778000000,0x0000000779280000)
 ParOldGen       total 96256K, used 14889K [0x00000006c0c00000, 0x00000006c6a00000, 0x000000076af00000)
  object space 96256K, 15% used [0x00000006c0c00000,0x00000006c1a8a508,0x00000006c6a00000)
 Metaspace       used 23803K, capacity 24916K, committed 25088K, reserved 1071104K
  class space    used 3314K, capacity 3546K, committed 3584K, reserved 1048576K
}

