# JRE version: Java(TM) SE Runtime Environment (8.0_71-b15) (build 1.8.0_71-b15)
# Java VM: Java HotSpot(TM) 64-Bit Server VM (25.71-b15 mixed mode windows-amd64 compressed oops)
Heap:
 PSYoungGen      total 141824K, used 31073K [0x000000076af00000, 0x0000000779180000, 0x00000007c0000000)
  eden space 131072K, 22% used [0x000000076af00000,0x000000076cbb7dc8,0x0000000772f00000)
  from space 10752K, 15% used [0x0000000772f00000,0x00000007730a0998,0x0000000773980000)
  to   space 10752K, 0% used [0x0000000773980000,0x0000000773980000,0x0000000774400000)
 ParOldGen       total 112128K, used 15332K [0x00000006c0c00000, 0x00000006c7980000, 0x000000076af00000)
  object space 112128K, 13% used [0x00000006c0c00000,0x00000006c1af9038,0x00000006c7980000)
 Metaspace       used 22803K, capacity 23780K, committed 24064K, reserved 1069056K
  class space    used 3245K, capacity 3480K, committed 3584K, reserved 1048576K
GC Heap History (10 events):
Event: 1.297 GC heap before
{Heap before GC invocations=2 (full 0):
 PSYoungGen      total 76288K, used 13164K [0x000000076af00000, 0x0000000774400000, 0x00000007c0000000)
  eden space 65536K, 3% used [0x000000076af00000,0x000000076b15e668,0x000000076ef00000)
  from space 10752K, 99% used [0x000000076ef00000,0x000000076f97cbe0,0x000000076f980000)
  to   space 10752K, 0% used [0x0000000773980000,0x0000000773980000,0x0000000774400000)
 ParOldGen       total 175104K, used 6964K [0x00000006c0c00000, 0x00000006cb700000, 0x000000076af00000)
  object space 175104K, 3% used [0x00000006c0c00000,0x00000006c12cd168,0x00000006cb700000)
 Metaspace       used 20157K, capacity 21138K, committed 21504K, reserved 1067008K
  class space    used 2983K, capacity 3205K, committed 3328K, reserved 1048576K
Event: 1.303 GC heap after
Heap after GC invocations=2 (full 0):
 PSYoungGen      total 141824K, used 10722K [0x000000076af00000, 0x0000000774400000, 0x00000007c0000000)
  eden space 131072K, 0% used [0x000000076af00000,0x000000076af00000,0x0000000772f00000)
  from space 10752K, 99% used [0x0000000773980000,0x00000007743f8bd0,0x0000000774400000)
  to   space 10752K, 0% used [0x0000000772f00000,0x0000000772f00000,0x0000000773980000)
 ParOldGen       total 175104K, used 6972K [0x00000006c0c00000, 0x00000006cb700000, 0x000000076af00000)
  object space 175104K, 3% used [0x00000006c0c00000,0x00000006c12cf168,0x00000006cb700000)
 Metaspace       used 20157K, capacity 21138K, committed 21504K, reserved 1067008K
  class space    used 2983K, capacity 3205K, committed 3328K, reserved 1048576K
}
Event: 1.440 GC heap before
{Heap before GC invocations=3 (full 0):
 PSYoungGen      total 141824K, used 18272K [0x000000076af00000, 0x0000000774400000, 0x00000007c0000000)
  eden space 131072K, 5% used [0x000000076af00000,0x000000076b65f690,0x0000000772f00000)
  from space 10752K, 99% used [0x0000000773980000,0x00000007743f8bd0,0x0000000774400000)
  to   space 10752K, 0% used [0x0000000772f00000,0x0000000772f00000,0x0000000773980000)
 ParOldGen       total 175104K, used 6972K [0x00000006c0c00000, 0x00000006cb700000, 0x000000076af00000)
  object space 175104K, 3% used [0x00000006c0c00000,0x00000006c12cf168,0x00000006cb700000)
 Metaspace       used 20553K, capacity 21490K, committed 21628K, reserved 1067008K
  class space    used 3013K, capacity 3237K, committed 3328K, reserved 1048576K
Event: 1.446 GC heap after
Heap after GC invocations=3 (full 0):
 PSYoungGen      total 141824K, used 10722K [0x000000076af00000, 0x0000000774400000, 0x00000007c0000000)
  eden space 131072K, 0% used [0x000000076af00000,0x000000076af00000,0x0000000772f00000)
  from space 10752K, 99% used [0x0000000772f00000,0x0000000773978bd0,0x0000000773980000)
  to   space 10752K, 0% used [0x0000000773980000,0x0000000773980000,0x0000000774400000)
 ParOldGen       total 175104K, used 6996K [0x00000006c0c00000, 0x00000006cb700000, 0x000000076af00000)
  object space 175104K, 3% used [0x00000006c0c00000,0x00000006c12d5168,0x00000006cb700000)
 Metaspace       used 20553K, capacity 21490K, committed 21628K, reserved 1067008K
  class space    used 3013K, capacity 3237K, committed 3328K, reserved 1048576K
}
Event: 1.446 GC heap before
{Heap before GC invocations=4 (full 1):
 PSYoungGen      total 141824K, used 10722K [0x000000076af00000, 0x0000000774400000, 0x00000007c0000000)
  eden space 131072K, 0% used [0x000000076af00000,0x000000076af00000,0x0000000772f00000)
  from space 10752K, 99% used [0x0000000772f00000,0x0000000773978bd0,0x0000000773980000)
  to   space 10752K, 0% used [0x0000000773980000,0x0000000773980000,0x0000000774400000)
 ParOldGen       total 175104K, used 6996K [0x00000006c0c00000, 0x00000006cb700000, 0x000000076af00000)
  object space 175104K, 3% used [0x00000006c0c00000,0x00000006c12d5168,0x00000006cb700000)
 Metaspace       used 20553K, capacity 21490K, committed 21628K, reserved 1067008K
  class space    used 3013K, capacity 3237K, committed 3328K, reserved 1048576K
Event: 1.468 GC heap after
Heap after GC invocations=4 (full 1):
 PSYoungGen      total 141824K, used 0K [0x000000076af00000, 0x0000000774400000, 0x00000007c0000000)
  eden space 131072K, 0% used [0x000000076af00000,0x000000076af00000,0x0000000772f00000)
  from space 10752K, 0% used [0x0000000772f00000,0x0000000772f00000,0x0000000773980000)
  to   space 10752K, 0% used [0x0000000773980000,0x0000000773980000,0x0000000774400000)
 ParOldGen       total 112128K, used 15324K [0x00000006c0c00000, 0x00000006c7980000, 0x000000076af00000)
  object space 112128K, 13% used [0x00000006c0c00000,0x00000006c1af7038,0x00000006c7980000)
 Metaspace       used 20553K, capacity 21490K, committed 21628K, reserved 1067008K
  class space    used 3013K, capacity 3237K, committed 3328K, reserved 1048576K
}
Event: 1.813 GC heap before
{Heap before GC invocations=5 (full 1):
 PSYoungGen      total 141824K, used 131020K [0x000000076af00000, 0x0000000774400000, 0x00000007c0000000)
  eden space 131072K, 99% used [0x000000076af00000,0x0000000772ef33c0,0x0000000772f00000)
  from space 10752K, 0% used [0x0000000772f00000,0x0000000772f00000,0x0000000773980000)
  to   space 10752K, 0% used [0x0000000773980000,0x0000000773980000,0x0000000774400000)
 ParOldGen       total 112128K, used 15324K [0x00000006c0c00000, 0x00000006c7980000, 0x000000076af00000)
  object space 112128K, 13% used [0x00000006c0c00000,0x00000006c1af7038,0x00000006c7980000)
 Metaspace       used 22382K, capacity 23390K, committed 23680K, reserved 1069056K
  class space    used 3204K, capacity 3439K, committed 3456K, reserved 1048576K
Event: 1.816 GC heap after
Heap after GC invocations=5 (full 1):
 PSYoungGen      total 141824K, used 2930K [0x000000076af00000, 0x0000000779180000, 0x00000007c0000000)
  eden space 131072K, 0% used [0x000000076af00000,0x000000076af00000,0x0000000772f00000)
  from space 10752K, 27% used [0x0000000773980000,0x0000000773c5ca10,0x0000000774400000)
  to   space 10752K, 0% used [0x0000000772f00000,0x0000000772f00000,0x0000000773980000)
 ParOldGen       total 112128K, used 15332K [0x00000006c0c00000, 0x00000006c7980000, 0x000000076af00000)
  object space 112128K, 13% used [0x00000006c0c00000,0x00000006c1af9038,0x00000006c7980000)
 Metaspace       used 22382K, capacity 23390K, committed 23680K, reserved 1069056K
  class space    used 3204K, capacity 3439K, committed 3456K, reserved 1048576K
}
Event: 1.838 GC heap before
{Heap before GC invocations=6 (full 1):
 PSYoungGen      total 141824K, used 133982K [0x000000076af00000, 0x0000000779180000, 0x00000007c0000000)
  eden space 131072K, 99% used [0x000000076af00000,0x0000000772efae60,0x0000000772f00000)
  from space 10752K, 27% used [0x0000000773980000,0x0000000773c5ca10,0x0000000774400000)
  to   space 10752K, 0% used [0x0000000772f00000,0x0000000772f00000,0x0000000773980000)
 ParOldGen       total 112128K, used 15332K [0x00000006c0c00000, 0x00000006c7980000, 0x000000076af00000)
  object space 112128K, 13% used [0x00000006c0c00000,0x00000006c1af9038,0x00000006c7980000)
 Metaspace       used 22385K, capacity 23390K, committed 23680K, reserved 1069056K
  class space    used 3204K, capacity 3439K, committed 3456K, reserved 1048576K
Event: 1.839 GC heap after
Heap after GC invocations=6 (full 1):
 PSYoungGen      total 141824K, used 1666K [0x000000076af00000, 0x0000000779180000, 0x00000007c0000000)
  eden space 131072K, 0% used [0x000000076af00000,0x000000076af00000,0x0000000772f00000)
  from space 10752K, 15% used [0x0000000772f00000,0x00000007730a0998,0x0000000773980000)
  to   space 10752K, 0% used [0x0000000773980000,0x0000000773980000,0x0000000774400000)
 ParOldGen       total 112128K, used 15332K [0x00000006c0c00000, 0x00000006c7980000, 0x000000076af00000)
  object space 112128K, 13% used [0x00000006c0c00000,0x00000006c1af9038,0x00000006c7980000)
 Metaspace       used 22385K, capacity 23390K, committed 23680K, reserved 1069056K
  class space    used 3204K, capacity 3439K, committed 3456K, reserved 1048576K
}

