# JRE version: Java(TM) SE Runtime Environment (8.0_71-b15) (build 1.8.0_71-b15)
# Java VM: Java HotSpot(TM) 64-Bit Server VM (25.71-b15 mixed mode windows-amd64 compressed oops)
Heap:
 PSYoungGen      total 141824K, used 103961K [0x000000076af00000, 0x000000077c200000, 0x00000007c0000000)
  eden space 131072K, 79% used [0x000000076af00000,0x00000007714866e8,0x0000000772f00000)
  from space 10752K, 0% used [0x0000000772f00000,0x0000000772f00000,0x0000000773980000)
  to   space 9728K, 0% used [0x000000077b880000,0x000000077b880000,0x000000077c200000)
 ParOldGen       total 79360K, used 8485K [0x00000006c0c00000, 0x00000006c5980000, 0x000000076af00000)
  object space 79360K, 10% used [0x00000006c0c00000,0x00000006c14495b0,0x00000006c5980000)
 Metaspace       used 22277K, capacity 23234K, committed 23472K, reserved 1069056K
  class space    used 2974K, capacity 3219K, committed 3248K, reserved 1048576K
GC Heap History (10 events):
Event: 2.014 GC heap before
{Heap before GC invocations=2 (full 0):
 PSYoungGen      total 76288K, used 74899K [0x000000076af00000, 0x0000000770400000, 0x00000007c0000000)
  eden space 65536K, 99% used [0x000000076af00000,0x000000076eef20f0,0x000000076ef00000)
  from space 10752K, 87% used [0x000000076ef00000,0x000000076f832d58,0x000000076f980000)
  to   space 10752K, 0% used [0x000000076f980000,0x000000076f980000,0x0000000770400000)
 ParOldGen       total 175104K, used 24K [0x00000006c0c00000, 0x00000006cb700000, 0x000000076af00000)
  object space 175104K, 0% used [0x00000006c0c00000,0x00000006c0c06000,0x00000006cb700000)
 Metaspace       used 18469K, capacity 19306K, committed 19456K, reserved 1067008K
  class space    used 2502K, capacity 2735K, committed 2816K, reserved 1048576K
Event: 2.018 GC heap after
Heap after GC invocations=2 (full 0):
 PSYoungGen      total 76288K, used 8061K [0x000000076af00000, 0x0000000774400000, 0x00000007c0000000)
  eden space 65536K, 0% used [0x000000076af00000,0x000000076af00000,0x000000076ef00000)
  from space 10752K, 74% used [0x000000076f980000,0x000000077015f500,0x0000000770400000)
  to   space 10752K, 0% used [0x000000076ef00000,0x000000076ef00000,0x000000076f980000)
 ParOldGen       total 175104K, used 32K [0x00000006c0c00000, 0x00000006cb700000, 0x000000076af00000)
  object space 175104K, 0% used [0x00000006c0c00000,0x00000006c0c08000,0x00000006cb700000)
 Metaspace       used 18469K, capacity 19306K, committed 19456K, reserved 1067008K
  class space    used 2502K, capacity 2735K, committed 2816K, reserved 1048576K
}
Event: 2.030 GC heap before
{Heap before GC invocations=3 (full 0):
 PSYoungGen      total 76288K, used 73535K [0x000000076af00000, 0x0000000774400000, 0x00000007c0000000)
  eden space 65536K, 99% used [0x000000076af00000,0x000000076eef0a08,0x000000076ef00000)
  from space 10752K, 74% used [0x000000076f980000,0x000000077015f500,0x0000000770400000)
  to   space 10752K, 0% used [0x000000076ef00000,0x000000076ef00000,0x000000076f980000)
 ParOldGen       total 175104K, used 32K [0x00000006c0c00000, 0x00000006cb700000, 0x000000076af00000)
  object space 175104K, 0% used [0x00000006c0c00000,0x00000006c0c08000,0x00000006cb700000)
 Metaspace       used 18469K, capacity 19306K, committed 19456K, reserved 1067008K
  class space    used 2502K, capacity 2735K, committed 2816K, reserved 1048576K
Event: 2.033 GC heap after
Heap after GC invocations=3 (full 0):
 PSYoungGen      total 76288K, used 8089K [0x000000076af00000, 0x0000000774400000, 0x00000007c0000000)
  eden space 65536K, 0% used [0x000000076af00000,0x000000076af00000,0x000000076ef00000)
  from space 10752K, 75% used [0x000000076ef00000,0x000000076f6e6708,0x000000076f980000)
  to   space 10752K, 0% used [0x0000000773980000,0x0000000773980000,0x0000000774400000)
 ParOldGen       total 175104K, used 40K [0x00000006c0c00000, 0x00000006cb700000, 0x000000076af00000)
  object space 175104K, 0% used [0x00000006c0c00000,0x00000006c0c0a000,0x00000006cb700000)
 Metaspace       used 18469K, capacity 19306K, committed 19456K, reserved 1067008K
  class space    used 2502K, capacity 2735K, committed 2816K, reserved 1048576K
}
Event: 2.044 GC heap before
{Heap before GC invocations=4 (full 0):
 PSYoungGen      total 76288K, used 73489K [0x000000076af00000, 0x0000000774400000, 0x00000007c0000000)
  eden space 65536K, 99% used [0x000000076af00000,0x000000076eeddf68,0x000000076ef00000)
  from space 10752K, 75% used [0x000000076ef00000,0x000000076f6e6708,0x000000076f980000)
  to   space 10752K, 0% used [0x0000000773980000,0x0000000773980000,0x0000000774400000)
 ParOldGen       total 175104K, used 40K [0x00000006c0c00000, 0x00000006cb700000, 0x000000076af00000)
  object space 175104K, 0% used [0x00000006c0c00000,0x00000006c0c0a000,0x00000006cb700000)
 Metaspace       used 18472K, capacity 19306K, committed 19456K, reserved 1067008K
  class space    used 2502K, capacity 2735K, committed 2816K, reserved 1048576K
Event: 2.048 GC heap after
Heap after GC invocations=4 (full 0):
 PSYoungGen      total 141824K, used 8072K [0x000000076af00000, 0x0000000774400000, 0x00000007c0000000)
  eden space 131072K, 0% used [0x000000076af00000,0x000000076af00000,0x0000000772f00000)
  from space 10752K, 75% used [0x0000000773980000,0x0000000774162170,0x0000000774400000)
  to   space 10752K, 0% used [0x0000000772f00000,0x0000000772f00000,0x0000000773980000)
 ParOldGen       total 175104K, used 48K [0x00000006c0c00000, 0x00000006cb700000, 0x000000076af00000)
  object space 175104K, 0% used [0x00000006c0c00000,0x00000006c0c0c000,0x00000006cb700000)
 Metaspace       used 18472K, capacity 19306K, committed 19456K, reserved 1067008K
  class space    used 2502K, capacity 2735K, committed 2816K, reserved 1048576K
}
Event: 2.486 GC heap before
{Heap before GC invocations=5 (full 0):
 PSYoungGen      total 141824K, used 76729K [0x000000076af00000, 0x0000000774400000, 0x00000007c0000000)
  eden space 131072K, 52% used [0x000000076af00000,0x000000076f20c530,0x0000000772f00000)
  from space 10752K, 75% used [0x0000000773980000,0x0000000774162170,0x0000000774400000)
  to   space 10752K, 0% used [0x0000000772f00000,0x0000000772f00000,0x0000000773980000)
 ParOldGen       total 175104K, used 48K [0x00000006c0c00000, 0x00000006cb700000, 0x000000076af00000)
  object space 175104K, 0% used [0x00000006c0c00000,0x00000006c0c0c000,0x00000006cb700000)
 Metaspace       used 20403K, capacity 21214K, committed 21296K, reserved 1067008K
  class space    used 2849K, capacity 3085K, committed 3120K, reserved 1048576K
Event: 2.491 GC heap after
Heap after GC invocations=5 (full 0):
 PSYoungGen      total 141824K, used 9048K [0x000000076af00000, 0x000000077c200000, 0x00000007c0000000)
  eden space 131072K, 0% used [0x000000076af00000,0x000000076af00000,0x0000000772f00000)
  from space 10752K, 84% used [0x0000000772f00000,0x00000007737d6000,0x0000000773980000)
  to   space 9728K, 0% used [0x000000077b880000,0x000000077b880000,0x000000077c200000)
 ParOldGen       total 175104K, used 56K [0x00000006c0c00000, 0x00000006cb700000, 0x000000076af00000)
  object space 175104K, 0% used [0x00000006c0c00000,0x00000006c0c0e000,0x00000006cb700000)
 Metaspace       used 20403K, capacity 21214K, committed 21296K, reserved 1067008K
  class space    used 2849K, capacity 3085K, committed 3120K, reserved 1048576K
}
Event: 2.491 GC heap before
{Heap before GC invocations=6 (full 1):
 PSYoungGen      total 141824K, used 9048K [0x000000076af00000, 0x000000077c200000, 0x00000007c0000000)
  eden space 131072K, 0% used [0x000000076af00000,0x000000076af00000,0x0000000772f00000)
  from space 10752K, 84% used [0x0000000772f00000,0x00000007737d6000,0x0000000773980000)
  to   space 9728K, 0% used [0x000000077b880000,0x000000077b880000,0x000000077c200000)
 ParOldGen       total 175104K, used 56K [0x00000006c0c00000, 0x00000006cb700000, 0x000000076af00000)
  object space 175104K, 0% used [0x00000006c0c00000,0x00000006c0c0e000,0x00000006cb700000)
 Metaspace       used 20403K, capacity 21214K, committed 21296K, reserved 1067008K
  class space    used 2849K, capacity 3085K, committed 3120K, reserved 1048576K
Event: 2.517 GC heap after
Heap after GC invocations=6 (full 1):
 PSYoungGen      total 141824K, used 0K [0x000000076af00000, 0x000000077c200000, 0x00000007c0000000)
  eden space 131072K, 0% used [0x000000076af00000,0x000000076af00000,0x0000000772f00000)
  from space 10752K, 0% used [0x0000000772f00000,0x0000000772f00000,0x0000000773980000)
  to   space 9728K, 0% used [0x000000077b880000,0x000000077b880000,0x000000077c200000)
 ParOldGen       total 79360K, used 8485K [0x00000006c0c00000, 0x00000006c5980000, 0x000000076af00000)
  object space 79360K, 10% used [0x00000006c0c00000,0x00000006c14495b0,0x00000006c5980000)
 Metaspace       used 20403K, capacity 21214K, committed 21296K, reserved 1067008K
  class space    used 2849K, capacity 3085K, committed 3120K, reserved 1048576K
}

